<?xml version="1.0" encoding="utf-8"?>
<!DOCTYPE coverage SYSTEM "http://cobertura.sourceforge.net/xml/coverage-04.dtd">
<coverage line-rate="0.413793103448276" branch-rate="0.384615384615385" lines-covered="60" lines-valid="145" branches-covered="10" branches-valid="26" complexity="0" version="0" timestamp="1495812261">
  <sources>
    <source>src</source>
  </sources>
  <packages>
    <package name="Keymaster" line-rate="0.413793103448276" branch-rate="0.384615384615385" complexity="0">
      <classes>
        <class name="Keymaster.Accessor.KeymasterAccessor" filename="C:\Playground\ASPNetLab\keymaster\src\Keymaster\Accessor\KeymasterAccessor.cs" line-rate="1" branch-rate="1" complexity="0">
          <methods>
            <method name=".ctor" signature="(Keymaster.Transformer.ITransformer`2&lt;Keymaster.Model.Internal.Token,Keymaster.Model.External.TokenDetail&gt;,Keymaster.Transformer.ITransformer`2&lt;System.Collections.Generic.List`1&lt;Keymaster.Model.Internal.Token&gt;,Keymaster.Model.External.TokenCollection&gt;,Keymaster.Repository.ITokenRepository)" line-rate="1" branch-rate="1">
              <lines>
                <line number="27" hits="4" branch="false" />
                <line number="31" hits="4" branch="false" />
                <line number="32" hits="4" branch="false" />
                <line number="33" hits="4" branch="false" />
                <line number="34" hits="4" branch="false" />
                <line number="35" hits="4" branch="false" />
              </lines>
            </method>
            <method name="GetApiTokensAsync" signature="(Keymaster.Model.TokenQueryParameter)" line-rate="1" branch-rate="1">
              <lines>
                <line number="38" hits="1" branch="false" />
                <line number="39" hits="1" branch="false" />
                <line number="40" hits="1" branch="false" />
              </lines>
            </method>
            <method name="GetApiTokenAsync" signature="(System.Guid)" line-rate="1" branch-rate="1">
              <lines>
                <line number="43" hits="3" branch="false" />
                <line number="44" hits="3" branch="false" />
                <line number="46" hits="3" branch="false" />
                <line number="47" hits="3" branch="false" />
              </lines>
            </method>
          </methods>
          <lines>
            <line number="27" hits="4" branch="false" />
            <line number="31" hits="4" branch="false" />
            <line number="32" hits="4" branch="false" />
            <line number="33" hits="4" branch="false" />
            <line number="34" hits="4" branch="false" />
            <line number="35" hits="4" branch="false" />
            <line number="38" hits="1" branch="false" />
            <line number="39" hits="1" branch="false" />
            <line number="40" hits="1" branch="false" />
            <line number="43" hits="3" branch="false" />
            <line number="44" hits="3" branch="false" />
            <line number="46" hits="3" branch="false" />
            <line number="47" hits="3" branch="false" />
          </lines>
        </class>
        <class name="Keymaster.Configuration.Tokens" filename="C:\Playground\ASPNetLab\keymaster\src\Keymaster\Configuration\Tokens.cs" line-rate="1" branch-rate="1" complexity="0">
          <methods>
            <method name=".ctor" signature="()" line-rate="1" branch-rate="1">
              <lines />
            </method>
          </methods>
          <lines />
        </class>
        <class name="Keymaster.Controllers.KeymasterController" filename="C:\Playground\ASPNetLab\keymaster\src\Keymaster\Controllers\KeymasterController.cs" line-rate="1" branch-rate="0.75" complexity="0">
          <methods>
            <method name=".ctor" signature="(Keymaster.Accessor.IKeymasterAccessor)" line-rate="1" branch-rate="1">
              <lines>
                <line number="26" hits="5" branch="false" />
                <line number="27" hits="5" branch="false" />
                <line number="28" hits="5" branch="false" />
                <line number="29" hits="5" branch="false" />
              </lines>
            </method>
            <method name="GetTokens" signature="(System.String,Keymaster.Model.TokenQueryParameter)" line-rate="1" branch-rate="0.75">
              <lines>
                <line number="51" hits="3" branch="true" condition-coverage="50% (1/2)" />
                <line number="53" hits="3" branch="false" />
                <line number="54" hits="3" branch="true" condition-coverage="100% (2/2)" />
                <line number="55" hits="1" branch="false" />
                <line number="56" hits="1" branch="false" />
                <line number="59" hits="2" branch="false" />
                <line number="61" hits="1" branch="false" />
                <line number="62" hits="1" branch="false" />
                <line number="63" hits="1" branch="false" />
                <line number="64" hits="1" branch="false" />
                <line number="66" hits="1" branch="false" />
                <line number="70" hits="3" branch="false" />
              </lines>
            </method>
            <method name="GetTokenById" signature="(System.String,System.Guid)" line-rate="1" branch-rate="0.75">
              <lines>
                <line number="91" hits="2" branch="false" />
                <line number="92" hits="2" branch="true" condition-coverage="50% (1/2)" />
                <line number="95" hits="2" branch="false" />
                <line number="96" hits="2" branch="false" />
                <line number="98" hits="2" branch="true" condition-coverage="100% (2/2)" />
                <line number="99" hits="1" branch="false" />
                <line number="100" hits="1" branch="false" />
                <line number="103" hits="1" branch="false" />
                <line number="105" hits="1" branch="false" />
                <line number="106" hits="1" branch="false" />
                <line number="107" hits="1" branch="false" />
                <line number="108" hits="1" branch="false" />
                <line number="110" hits="1" branch="false" />
                <line number="114" hits="2" branch="false" />
              </lines>
            </method>
          </methods>
          <lines>
            <line number="26" hits="5" branch="false" />
            <line number="27" hits="5" branch="false" />
            <line number="28" hits="5" branch="false" />
            <line number="29" hits="5" branch="false" />
            <line number="51" hits="3" branch="true" condition-coverage="50% (1/2)" />
            <line number="53" hits="3" branch="false" />
            <line number="54" hits="3" branch="true" condition-coverage="100% (2/2)" />
            <line number="55" hits="1" branch="false" />
            <line number="56" hits="1" branch="false" />
            <line number="59" hits="2" branch="false" />
            <line number="61" hits="1" branch="false" />
            <line number="62" hits="1" branch="false" />
            <line number="63" hits="1" branch="false" />
            <line number="64" hits="1" branch="false" />
            <line number="66" hits="1" branch="false" />
            <line number="70" hits="3" branch="false" />
            <line number="91" hits="2" branch="false" />
            <line number="92" hits="2" branch="true" condition-coverage="50% (1/2)" />
            <line number="95" hits="2" branch="false" />
            <line number="96" hits="2" branch="false" />
            <line number="98" hits="2" branch="true" condition-coverage="100% (2/2)" />
            <line number="99" hits="1" branch="false" />
            <line number="100" hits="1" branch="false" />
            <line number="103" hits="1" branch="false" />
            <line number="105" hits="1" branch="false" />
            <line number="106" hits="1" branch="false" />
            <line number="107" hits="1" branch="false" />
            <line number="108" hits="1" branch="false" />
            <line number="110" hits="1" branch="false" />
            <line number="114" hits="2" branch="false" />
          </lines>
        </class>
        <class name="Keymaster.Data.TempData" filename="C:\Playground\ASPNetLab\keymaster\src\Keymaster\Data\TempData.cs" line-rate="0" branch-rate="1" complexity="0">
          <methods>
            <method name=".ctor" signature="(Microsoft.Extensions.Options.IOptions`1&lt;Keymaster.Configuration.Tokens&gt;)" line-rate="0" branch-rate="1">
              <lines>
                <line number="19" hits="0" branch="false" />
                <line number="20" hits="0" branch="false" />
                <line number="21" hits="0" branch="false" />
                <line number="22" hits="0" branch="false" />
              </lines>
            </method>
          </methods>
          <lines>
            <line number="19" hits="0" branch="false" />
            <line number="20" hits="0" branch="false" />
            <line number="21" hits="0" branch="false" />
            <line number="22" hits="0" branch="false" />
          </lines>
        </class>
        <class name="Keymaster.Logger.LogAdapter" filename="C:\Playground\ASPNetLab\keymaster\src\Keymaster\Logger\LogAdapter.cs" line-rate="0" branch-rate="0" complexity="0">
          <methods>
            <method name=".ctor" signature="(Microsoft.Extensions.Options.IOptions`1&lt;Keymaster.Logger.LogAdapterConfiguration&gt;)" line-rate="0" branch-rate="1">
              <lines>
                <line number="22" hits="0" branch="false" />
                <line number="23" hits="0" branch="false" />
                <line number="24" hits="0" branch="false" />
                <line number="25" hits="0" branch="false" />
              </lines>
            </method>
            <method name="LogAsync" signature="(Keymaster.Logger.LogItem)" line-rate="0" branch-rate="0">
              <lines>
                <line number="28" hits="0" branch="false" />
                <line number="29" hits="0" branch="true" condition-coverage="0% (0/2)" />
                <line number="30" hits="0" branch="true" condition-coverage="0% (0/2)" />
                <line number="32" hits="0" branch="false" />
                <line number="33" hits="0" branch="false" />
                <line number="35" hits="0" branch="true" condition-coverage="0% (0/2)" />
                <line number="36" hits="0" branch="false" />
                <line number="37" hits="0" branch="false" />
                <line number="39" hits="0" branch="false" />
                <line number="43" hits="0" branch="false" />
                <line number="45" hits="0" branch="false" />
                <line number="46" hits="0" branch="false" />
                <line number="47" hits="0" branch="false" />
                <line number="48" hits="0" branch="false" />
                <line number="49" hits="0" branch="false" />
                <line number="51" hits="0" branch="false" />
              </lines>
            </method>
          </methods>
          <lines>
            <line number="22" hits="0" branch="false" />
            <line number="23" hits="0" branch="false" />
            <line number="24" hits="0" branch="false" />
            <line number="25" hits="0" branch="false" />
            <line number="28" hits="0" branch="false" />
            <line number="29" hits="0" branch="true" condition-coverage="0% (0/2)" />
            <line number="30" hits="0" branch="true" condition-coverage="0% (0/2)" />
            <line number="32" hits="0" branch="false" />
            <line number="33" hits="0" branch="false" />
            <line number="35" hits="0" branch="true" condition-coverage="0% (0/2)" />
            <line number="36" hits="0" branch="false" />
            <line number="37" hits="0" branch="false" />
            <line number="39" hits="0" branch="false" />
            <line number="43" hits="0" branch="false" />
            <line number="45" hits="0" branch="false" />
            <line number="46" hits="0" branch="false" />
            <line number="47" hits="0" branch="false" />
            <line number="48" hits="0" branch="false" />
            <line number="49" hits="0" branch="false" />
            <line number="51" hits="0" branch="false" />
          </lines>
        </class>
        <class name="Keymaster.Logger.LogAdapterConfiguration" filename="C:\Playground\ASPNetLab\keymaster\src\Keymaster\Logger\LogAdapterConfiguration.cs" line-rate="1" branch-rate="1" complexity="0">
          <methods>
            <method name=".ctor" signature="()" line-rate="1" branch-rate="1">
              <lines />
            </method>
          </methods>
          <lines />
        </class>
        <class name="Keymaster.Logger.LogItem" filename="C:\Playground\ASPNetLab\keymaster\src\Keymaster\Logger\LogItem.cs" line-rate="1" branch-rate="1" complexity="0">
          <methods>
            <method name=".ctor" signature="()" line-rate="1" branch-rate="1">
              <lines />
            </method>
          </methods>
          <lines />
        </class>
        <class name="Keymaster.Middleware.TmsAuthenticationMiddleware" filename="C:\Playground\ASPNetLab\keymaster\src\Keymaster\Middleware\TmsAuthenticationMiddleware.cs" line-rate="0" branch-rate="0" complexity="0">
          <methods>
            <method name=".ctor" signature="(Microsoft.AspNetCore.Http.RequestDelegate)" line-rate="0" branch-rate="1">
              <lines>
                <line number="18" hits="0" branch="false" />
                <line number="19" hits="0" branch="false" />
                <line number="20" hits="0" branch="false" />
                <line number="21" hits="0" branch="false" />
              </lines>
            </method>
            <method name="Invoke" signature="(Microsoft.AspNetCore.Http.HttpContext)" line-rate="0" branch-rate="0">
              <lines>
                <line number="24" hits="0" branch="false" />
                <line number="25" hits="0" branch="false" />
                <line number="26" hits="0" branch="true" condition-coverage="0% (0/2)" />
                <line number="27" hits="0" branch="false" />
                <line number="28" hits="0" branch="false" />
                <line number="29" hits="0" branch="true" condition-coverage="0% (0/2)" />
                <line number="30" hits="0" branch="false" />
                <line number="31" hits="0" branch="false" />
                <line number="32" hits="0" branch="false" />
                <line number="35" hits="0" branch="true" condition-coverage="0% (0/2)" />
                <line number="36" hits="0" branch="false" />
                <line number="37" hits="0" branch="false" />
                <line number="38" hits="0" branch="false" />
                <line number="40" hits="0" branch="false" />
                <line number="41" hits="0" branch="false" />
                <line number="42" hits="0" branch="false" />
                <line number="46" hits="0" branch="false" />
                <line number="48" hits="0" branch="false" />
                <line number="49" hits="0" branch="false" />
              </lines>
            </method>
          </methods>
          <lines>
            <line number="18" hits="0" branch="false" />
            <line number="19" hits="0" branch="false" />
            <line number="20" hits="0" branch="false" />
            <line number="21" hits="0" branch="false" />
            <line number="24" hits="0" branch="false" />
            <line number="25" hits="0" branch="false" />
            <line number="26" hits="0" branch="true" condition-coverage="0% (0/2)" />
            <line number="27" hits="0" branch="false" />
            <line number="28" hits="0" branch="false" />
            <line number="29" hits="0" branch="true" condition-coverage="0% (0/2)" />
            <line number="30" hits="0" branch="false" />
            <line number="31" hits="0" branch="false" />
            <line number="32" hits="0" branch="false" />
            <line number="35" hits="0" branch="true" condition-coverage="0% (0/2)" />
            <line number="36" hits="0" branch="false" />
            <line number="37" hits="0" branch="false" />
            <line number="38" hits="0" branch="false" />
            <line number="40" hits="0" branch="false" />
            <line number="41" hits="0" branch="false" />
            <line number="42" hits="0" branch="false" />
            <line number="46" hits="0" branch="false" />
            <line number="48" hits="0" branch="false" />
            <line number="49" hits="0" branch="false" />
          </lines>
        </class>
        <class name="Keymaster.Model.External.TokenCollection" filename="C:\Playground\ASPNetLab\keymaster\src\Keymaster\Model\External\TokenCollection.cs" line-rate="1" branch-rate="1" complexity="0">
          <methods>
            <method name=".ctor" signature="()" line-rate="1" branch-rate="1">
              <lines />
            </method>
          </methods>
          <lines />
        </class>
        <class name="Keymaster.Model.External.TokenDetail" filename="C:\Playground\ASPNetLab\keymaster\src\Keymaster\Model\External\TokenDetail.cs" line-rate="1" branch-rate="1" complexity="0">
          <methods>
            <method name=".ctor" signature="()" line-rate="1" branch-rate="1">
              <lines />
            </method>
          </methods>
          <lines />
        </class>
        <class name="Keymaster.Model.External.TokenItem" filename="C:\Playground\ASPNetLab\keymaster\src\Keymaster\Model\External\TokenItem.cs" line-rate="1" branch-rate="1" complexity="0">
          <methods>
            <method name=".ctor" signature="()" line-rate="1" branch-rate="1">
              <lines />
            </method>
          </methods>
          <lines />
        </class>
        <class name="Keymaster.Model.Internal.AzureSecretAttributesResponse" filename="C:\Playground\ASPNetLab\keymaster\src\Keymaster\Model\Internal\AzureSecretAttributesResponse.cs" line-rate="1" branch-rate="1" complexity="0">
          <methods>
            <method name=".ctor" signature="()" line-rate="1" branch-rate="1">
              <lines />
            </method>
          </methods>
          <lines />
        </class>
        <class name="Keymaster.Model.Internal.AzureSecretResponse" filename="C:\Playground\ASPNetLab\keymaster\src\Keymaster\Model\Internal\AzureSecretResponse.cs" line-rate="1" branch-rate="1" complexity="0">
          <methods>
            <method name=".ctor" signature="()" line-rate="1" branch-rate="1">
              <lines />
            </method>
          </methods>
          <lines />
        </class>
        <class name="Keymaster.Model.Internal.AzureTokenResponse" filename="C:\Playground\ASPNetLab\keymaster\src\Keymaster\Model\Internal\AzureTokenResponse.cs" line-rate="1" branch-rate="1" complexity="0">
          <methods>
            <method name=".ctor" signature="()" line-rate="1" branch-rate="1">
              <lines />
            </method>
          </methods>
          <lines />
        </class>
        <class name="Keymaster.Model.Internal.SecretStoreItem" filename="C:\Playground\ASPNetLab\keymaster\src\Keymaster\Model\Internal\SecretStoreItem.cs" line-rate="1" branch-rate="1" complexity="0">
          <methods>
            <method name=".ctor" signature="()" line-rate="1" branch-rate="1">
              <lines />
            </method>
          </methods>
          <lines />
        </class>
        <class name="Keymaster.Model.Internal.Token" filename="C:\Playground\ASPNetLab\keymaster\src\Keymaster\Model\Internal\Token.cs" line-rate="1" branch-rate="1" complexity="0">
          <methods>
            <method name=".ctor" signature="()" line-rate="1" branch-rate="1">
              <lines />
            </method>
          </methods>
          <lines />
        </class>
        <class name="Keymaster.Model.TokenQueryParameter" filename="C:\Playground\ASPNetLab\keymaster\src\Keymaster\Model\TokenQueryParameter.cs" line-rate="1" branch-rate="1" complexity="0">
          <methods>
            <method name=".ctor" signature="()" line-rate="1" branch-rate="1">
              <lines />
            </method>
          </methods>
          <lines />
        </class>
        <class name="Keymaster.Program" filename="C:\Playground\ASPNetLab\keymaster\src\Keymaster\Program.cs" line-rate="0" branch-rate="1" complexity="0">
          <methods>
            <method name="Main" signature="(System.String[])" line-rate="0" branch-rate="1">
              <lines>
                <line number="16" hits="0" branch="false" />
                <line number="17" hits="0" branch="false" />
                <line number="24" hits="0" branch="false" />
                <line number="25" hits="0" branch="false" />
              </lines>
            </method>
            <method name=".ctor" signature="()" line-rate="1" branch-rate="1">
              <lines />
            </method>
          </methods>
          <lines>
            <line number="16" hits="0" branch="false" />
            <line number="17" hits="0" branch="false" />
            <line number="24" hits="0" branch="false" />
            <line number="25" hits="0" branch="false" />
          </lines>
        </class>
        <class name="Keymaster.Repository.TokenRepository" filename="C:\Playground\ASPNetLab\keymaster\src\Keymaster\Repository\TokenRepository.cs" line-rate="0" branch-rate="1" complexity="0">
          <methods>
            <method name=".ctor" signature="(Keymaster.Data.ITokenContext)" line-rate="0" branch-rate="1">
              <lines>
                <line number="22" hits="0" branch="false" />
                <line number="23" hits="0" branch="false" />
                <line number="24" hits="0" branch="false" />
                <line number="25" hits="0" branch="false" />
              </lines>
            </method>
            <method name="GetApiTokensAsync" signature="(Keymaster.Model.TokenQueryParameter)" line-rate="0" branch-rate="1">
              <lines>
                <line number="28" hits="0" branch="false" />
                <line number="30" hits="0" branch="false" />
              </lines>
            </method>
            <method name="GetApiTokenAsync" signature="(System.Guid)" line-rate="0" branch-rate="1">
              <lines>
                <line number="38" hits="0" branch="false" />
                <line number="39" hits="0" branch="false" />
              </lines>
            </method>
          </methods>
          <lines>
            <line number="22" hits="0" branch="false" />
            <line number="23" hits="0" branch="false" />
            <line number="24" hits="0" branch="false" />
            <line number="25" hits="0" branch="false" />
            <line number="28" hits="0" branch="false" />
            <line number="30" hits="0" branch="false" />
            <line number="38" hits="0" branch="false" />
            <line number="39" hits="0" branch="false" />
          </lines>
        </class>
        <class name="Keymaster.Startup" filename="C:\Playground\ASPNetLab\keymaster\src\Keymaster\Startup.cs" line-rate="0" branch-rate="0" complexity="0">
          <methods>
            <method name=".ctor" signature="(Microsoft.AspNetCore.Hosting.IHostingEnvironment)" line-rate="0" branch-rate="0">
              <lines>
                <line number="39" hits="0" branch="false" />
                <line number="40" hits="0" branch="false" />
                <line number="41" hits="0" branch="false" />
                <line number="46" hits="0" branch="true" condition-coverage="0% (0/2)" />
                <line number="47" hits="0" branch="false" />
                <line number="48" hits="0" branch="false" />
                <line number="49" hits="0" branch="false" />
                <line number="51" hits="0" branch="false" />
                <line number="52" hits="0" branch="false" />
                <line number="53" hits="0" branch="false" />
              </lines>
            </method>
            <method name="ConfigureServices" signature="(Microsoft.Extensions.DependencyInjection.IServiceCollection)" line-rate="0" branch-rate="1">
              <lines>
                <line number="58" hits="0" branch="false" />
                <line number="59" hits="0" branch="false" />
                <line number="69" hits="0" branch="false" />
                <line number="76" hits="0" branch="false" />
                <line number="78" hits="0" branch="false" />
                <line number="79" hits="0" branch="false" />
                <line number="81" hits="0" branch="false" />
                <line number="82" hits="0" branch="false" />
                <line number="84" hits="0" branch="false" />
                <line number="85" hits="0" branch="false" />
              </lines>
            </method>
            <method name="Configure" signature="(Microsoft.AspNetCore.Builder.IApplicationBuilder,Microsoft.AspNetCore.Hosting.IHostingEnvironment,Microsoft.Extensions.Logging.ILoggerFactory)" line-rate="0" branch-rate="1">
              <lines>
                <line number="88" hits="0" branch="false" />
                <line number="89" hits="0" branch="false" />
                <line number="92" hits="0" branch="false" />
                <line number="95" hits="0" branch="false" />
                <line number="100" hits="0" branch="false" />
                <line number="101" hits="0" branch="false" />
              </lines>
            </method>
          </methods>
          <lines>
            <line number="39" hits="0" branch="false" />
            <line number="40" hits="0" branch="false" />
            <line number="41" hits="0" branch="false" />
            <line number="46" hits="0" branch="true" condition-coverage="0% (0/2)" />
            <line number="47" hits="0" branch="false" />
            <line number="48" hits="0" branch="false" />
            <line number="49" hits="0" branch="false" />
            <line number="51" hits="0" branch="false" />
            <line number="52" hits="0" branch="false" />
            <line number="53" hits="0" branch="false" />
            <line number="58" hits="0" branch="false" />
            <line number="59" hits="0" branch="false" />
            <line number="69" hits="0" branch="false" />
            <line number="76" hits="0" branch="false" />
            <line number="78" hits="0" branch="false" />
            <line number="79" hits="0" branch="false" />
            <line number="81" hits="0" branch="false" />
            <line number="82" hits="0" branch="false" />
            <line number="84" hits="0" branch="false" />
            <line number="85" hits="0" branch="false" />
            <line number="88" hits="0" branch="false" />
            <line number="89" hits="0" branch="false" />
            <line number="92" hits="0" branch="false" />
            <line number="95" hits="0" branch="false" />
            <line number="100" hits="0" branch="false" />
            <line number="101" hits="0" branch="false" />
          </lines>
        </class>
        <class name="Keymaster.Transformer.InternalTokensToExternalTokenCollection" filename="C:\Playground\ASPNetLab\keymaster\src\Keymaster\Transformer\InternalTokensToExternalTokenCollection.cs" line-rate="1" branch-rate="1" complexity="0">
          <methods>
            <method name="Transform" signature="(System.Collections.Generic.List`1&lt;Keymaster.Model.Internal.Token&gt;)" line-rate="1" branch-rate="1">
              <lines>
                <line number="22" hits="3" branch="false" />
                <line number="23" hits="3" branch="false" />
                <line number="41" hits="1" branch="false" />
                <line number="42" hits="1" branch="false" />
              </lines>
            </method>
            <method name=".ctor" signature="()" line-rate="1" branch-rate="1">
              <lines />
            </method>
          </methods>
          <lines>
            <line number="22" hits="3" branch="false" />
            <line number="23" hits="3" branch="false" />
            <line number="41" hits="1" branch="false" />
            <line number="42" hits="1" branch="false" />
          </lines>
        </class>
        <class name="Keymaster.Transformer.InternalTokenToExternalTokenDetail" filename="C:\Playground\ASPNetLab\keymaster\src\Keymaster\Transformer\InternalTokenToExternalTokenDetail.cs" line-rate="1" branch-rate="1" complexity="0">
          <methods>
            <method name="Transform" signature="(Keymaster.Model.Internal.Token)" line-rate="1" branch-rate="1">
              <lines>
                <line number="19" hits="4" branch="false" />
                <line number="20" hits="4" branch="true" condition-coverage="100% (2/2)" />
                <line number="21" hits="1" branch="false" />
                <line number="22" hits="1" branch="false" />
                <line number="25" hits="3" branch="true" condition-coverage="100% (2/2)" />
                <line number="26" hits="2" branch="false" />
                <line number="27" hits="2" branch="false" />
                <line number="30" hits="1" branch="false" />
                <line number="38" hits="2" branch="false" />
              </lines>
            </method>
            <method name="Base64Encode" signature="(System.String)" line-rate="1" branch-rate="1">
              <lines>
                <line number="41" hits="1" branch="false" />
                <line number="42" hits="1" branch="false" />
                <line number="43" hits="1" branch="false" />
                <line number="44" hits="1" branch="false" />
              </lines>
            </method>
            <method name=".ctor" signature="()" line-rate="1" branch-rate="1">
              <lines />
            </method>
          </methods>
          <lines>
            <line number="19" hits="4" branch="false" />
            <line number="20" hits="4" branch="true" condition-coverage="100% (2/2)" />
            <line number="21" hits="1" branch="false" />
            <line number="22" hits="1" branch="false" />
            <line number="25" hits="3" branch="true" condition-coverage="100% (2/2)" />
            <line number="26" hits="2" branch="false" />
            <line number="27" hits="2" branch="false" />
            <line number="30" hits="1" branch="false" />
            <line number="38" hits="2" branch="false" />
            <line number="41" hits="1" branch="false" />
            <line number="42" hits="1" branch="false" />
            <line number="43" hits="1" branch="false" />
            <line number="44" hits="1" branch="false" />
          </lines>
        </class>
      </classes>
    </package>
  </packages>
</coverage>