<?xml version="1.0" encoding="utf-8"?>
<CoverageSession xmlns:xsd="http://www.w3.org/2001/XMLSchema" xmlns:xsi="http://www.w3.org/2001/XMLSchema-instance">
  <Summary numSequencePoints="148" visitedSequencePoints="66" numBranchPoints="57" visitedBranchPoints="22" sequenceCoverage="44.59" branchCoverage="38.60" maxCyclomaticComplexity="8" minCyclomaticComplexity="1" visitedClasses="9" numClasses="20" visitedMethods="10" numMethods="27" />
  <Modules>
    <Module hash="D6-00-8D-6C-C6-D9-CE-AE-37-09-41-E7-DC-30-EB-AF-BD-27-0E-84">
      <Summary numSequencePoints="148" visitedSequencePoints="66" numBranchPoints="57" visitedBranchPoints="22" sequenceCoverage="44.59" branchCoverage="38.60" maxCyclomaticComplexity="8" minCyclomaticComplexity="1" visitedClasses="9" numClasses="20" visitedMethods="10" numMethods="27" />
      <ModulePath>C:\Playground\ASPNetLab\keymaster\test\Keymaster.UnitTests\bin\Debug\netcoreapp1.1\Keymaster.dll</ModulePath>
      <ModuleTime>2017-05-26T19:00:40.5391083Z</ModuleTime>
      <ModuleName>Keymaster</ModuleName>
      <Files>
        <File uid="1" fullPath="C:\Playground\ASPNetLab\keymaster\src\Keymaster\Program.cs" />
        <File uid="2" fullPath="C:\Playground\ASPNetLab\keymaster\src\Keymaster\Startup.cs" />
        <File uid="4" fullPath="C:\Playground\ASPNetLab\keymaster\src\Keymaster\Transformer\InternalTokensToExternalTokenCollection.cs" />
        <File uid="6" fullPath="C:\Playground\ASPNetLab\keymaster\src\Keymaster\Transformer\InternalTokenToExternalTokenDetail.cs" />
        <File uid="7" fullPath="C:\Playground\ASPNetLab\keymaster\src\Keymaster\Repository\TokenRepository.cs" />
        <File uid="12" fullPath="C:\Playground\ASPNetLab\keymaster\src\Keymaster\Model\TokenQueryParameter.cs" />
        <File uid="13" fullPath="C:\Playground\ASPNetLab\keymaster\src\Keymaster\Model\Internal\Token.cs" />
        <File uid="14" fullPath="C:\Playground\ASPNetLab\keymaster\src\Keymaster\Model\External\TokenCollection.cs" />
        <File uid="15" fullPath="C:\Playground\ASPNetLab\keymaster\src\Keymaster\Model\External\TokenDetail.cs" />
        <File uid="16" fullPath="C:\Playground\ASPNetLab\keymaster\src\Keymaster\Model\External\TokenItem.cs" />
        <File uid="17" fullPath="C:\Playground\ASPNetLab\keymaster\src\Keymaster\Middleware\TmsAuthenticationMiddleware.cs" />
        <File uid="19" fullPath="C:\Playground\ASPNetLab\keymaster\src\Keymaster\Data\TempData.cs" />
        <File uid="20" fullPath="C:\Playground\ASPNetLab\keymaster\src\Keymaster\Controllers\KeymasterController.cs" />
        <File uid="23" fullPath="C:\Playground\ASPNetLab\keymaster\src\Keymaster\Configuration\Tokens.cs" />
        <File uid="24" fullPath="C:\Playground\ASPNetLab\keymaster\src\Keymaster\Accessor\KeymasterAccessor.cs" />
      </Files>
      <Classes>
        <Class>
          <Summary numSequencePoints="4" visitedSequencePoints="0" numBranchPoints="1" visitedBranchPoints="0" sequenceCoverage="0" branchCoverage="0" maxCyclomaticComplexity="1" minCyclomaticComplexity="1" visitedClasses="0" numClasses="1" visitedMethods="0" numMethods="1" />
          <FullName>Keymaster.Program</FullName>
          <Methods>
            <Method visited="false" cyclomaticComplexity="1" nPathComplexity="0" sequenceCoverage="0" branchCoverage="0" isConstructor="false" isStatic="true" isGetter="false" isSetter="false">
              <Summary numSequencePoints="4" visitedSequencePoints="0" numBranchPoints="1" visitedBranchPoints="0" sequenceCoverage="0" branchCoverage="0" maxCyclomaticComplexity="1" minCyclomaticComplexity="1" visitedClasses="0" numClasses="0" visitedMethods="0" numMethods="1" />
              <MetadataToken>100663297</MetadataToken>
              <Name>System.Void Keymaster.Program::Main(System.String[])</Name>
              <FileRef uid="1" />
              <SequencePoints>
                <SequencePoint vc="0" uspid="1" ordinal="0" offset="0" sl="16" sc="9" el="16" ec="10" bec="0" bev="0" fileid="1" />
                <SequencePoint vc="0" uspid="2" ordinal="1" offset="1" sl="17" sc="13" el="22" ec="26" bec="0" bev="0" fileid="1" />
                <SequencePoint vc="0" uspid="3" ordinal="2" offset="37" sl="24" sc="13" el="24" ec="24" bec="0" bev="0" fileid="1" />
                <SequencePoint vc="0" uspid="4" ordinal="3" offset="44" sl="25" sc="9" el="25" ec="10" bec="0" bev="0" fileid="1" />
              </SequencePoints>
              <BranchPoints />
              <MethodPoint xsi:type="SequencePoint" vc="0" uspid="1" ordinal="0" offset="0" sl="16" sc="9" el="16" ec="10" bec="0" bev="0" fileid="1" />
            </Method>
            <Method visited="false" cyclomaticComplexity="1" nPathComplexity="0" sequenceCoverage="0" branchCoverage="0" isConstructor="true" isStatic="false" isGetter="false" isSetter="false">
              <Summary numSequencePoints="0" visitedSequencePoints="0" numBranchPoints="0" visitedBranchPoints="0" sequenceCoverage="0" branchCoverage="0" maxCyclomaticComplexity="1" minCyclomaticComplexity="1" visitedClasses="0" numClasses="0" visitedMethods="0" numMethods="0" />
              <MetadataToken>100663298</MetadataToken>
              <Name>System.Void Keymaster.Program::.ctor()</Name>
              <SequencePoints />
              <BranchPoints />
              <MethodPoint vc="0" uspid="5" ordinal="0" offset="0" />
            </Method>
          </Methods>
        </Class>
        <Class>
          <Summary numSequencePoints="27" visitedSequencePoints="0" numBranchPoints="5" visitedBranchPoints="0" sequenceCoverage="0" branchCoverage="0" maxCyclomaticComplexity="3" minCyclomaticComplexity="2" visitedClasses="0" numClasses="1" visitedMethods="0" numMethods="3" />
          <FullName>Keymaster.Startup</FullName>
          <Methods>
            <Method skippedDueTo="AutoImplementedProperty" visited="false" cyclomaticComplexity="1" nPathComplexity="0" sequenceCoverage="0" branchCoverage="0" isConstructor="false" isStatic="false" isGetter="true" isSetter="false">
              <MetadataToken>100663300</MetadataToken>
              <Name>Microsoft.Extensions.Configuration.IConfigurationRoot Keymaster.Startup::get_Configuration()</Name>
              <FileRef uid="2" />
              <SequencePoints />
              <BranchPoints />
            </Method>
            <Method visited="false" cyclomaticComplexity="2" nPathComplexity="2" sequenceCoverage="0" branchCoverage="0" isConstructor="true" isStatic="false" isGetter="false" isSetter="false">
              <Summary numSequencePoints="10" visitedSequencePoints="0" numBranchPoints="3" visitedBranchPoints="0" sequenceCoverage="0" branchCoverage="0" maxCyclomaticComplexity="2" minCyclomaticComplexity="2" visitedClasses="0" numClasses="0" visitedMethods="0" numMethods="1" />
              <MetadataToken>100663299</MetadataToken>
              <Name>System.Void Keymaster.Startup::.ctor(Microsoft.AspNetCore.Hosting.IHostingEnvironment)</Name>
              <FileRef uid="2" />
              <SequencePoints>
                <SequencePoint vc="0" uspid="6" ordinal="0" offset="0" sl="39" sc="9" el="39" ec="48" bec="0" bev="0" fileid="2" />
                <SequencePoint vc="0" uspid="7" ordinal="1" offset="7" sl="40" sc="9" el="40" ec="10" bec="0" bev="0" fileid="2" />
                <SequencePoint vc="0" uspid="8" ordinal="2" offset="8" sl="41" sc="13" el="44" ec="93" bec="0" bev="0" fileid="2" />
                <SequencePoint vc="0" uspid="9" ordinal="3" offset="59" sl="46" sc="13" el="46" ec="37" bec="2" bev="0" fileid="2" />
                <SequencePoint vc="0" uspid="10" ordinal="4" offset="69" sl="47" sc="13" el="47" ec="14" bec="0" bev="0" fileid="2" />
                <SequencePoint vc="0" uspid="11" ordinal="5" offset="70" sl="48" sc="17" el="48" ec="51" bec="0" bev="0" fileid="2" />
                <SequencePoint vc="0" uspid="12" ordinal="6" offset="77" sl="49" sc="13" el="49" ec="14" bec="0" bev="0" fileid="2" />
                <SequencePoint vc="0" uspid="13" ordinal="7" offset="78" sl="51" sc="13" el="51" ec="47" bec="0" bev="0" fileid="2" />
                <SequencePoint vc="0" uspid="14" ordinal="8" offset="85" sl="52" sc="13" el="52" ec="50" bec="0" bev="0" fileid="2" />
                <SequencePoint vc="0" uspid="15" ordinal="9" offset="97" sl="53" sc="9" el="53" ec="10" bec="0" bev="0" fileid="2" />
              </SequencePoints>
              <BranchPoints>
                <BranchPoint vc="0" uspid="16" ordinal="0" offset="67" sl="46" path="0" offsetend="69" fileid="2" />
                <BranchPoint vc="0" uspid="17" ordinal="1" offset="67" sl="46" path="1" offsetend="78" fileid="2" />
              </BranchPoints>
              <MethodPoint xsi:type="SequencePoint" vc="0" uspid="6" ordinal="0" offset="0" sl="39" sc="9" el="39" ec="48" bec="0" bev="0" fileid="2" />
            </Method>
            <Method visited="false" cyclomaticComplexity="3" nPathComplexity="0" sequenceCoverage="0" branchCoverage="0" isConstructor="false" isStatic="false" isGetter="false" isSetter="false">
              <Summary numSequencePoints="10" visitedSequencePoints="0" numBranchPoints="1" visitedBranchPoints="0" sequenceCoverage="0" branchCoverage="0" maxCyclomaticComplexity="3" minCyclomaticComplexity="3" visitedClasses="0" numClasses="0" visitedMethods="0" numMethods="1" />
              <MetadataToken>100663301</MetadataToken>
              <Name>System.Void Keymaster.Startup::ConfigureServices(Microsoft.Extensions.DependencyInjection.IServiceCollection)</Name>
              <FileRef uid="2" />
              <SequencePoints>
                <SequencePoint vc="0" uspid="18" ordinal="0" offset="0" sl="58" sc="9" el="58" ec="10" bec="0" bev="0" fileid="2" />
                <SequencePoint vc="0" uspid="19" ordinal="1" offset="1" sl="59" sc="13" el="67" ec="16" bec="0" bev="0" fileid="2" />
                <SequencePoint vc="0" uspid="20" ordinal="2" offset="39" sl="69" sc="13" el="74" ec="28" bec="0" bev="0" fileid="2" />
                <SequencePoint vc="0" uspid="21" ordinal="3" offset="82" sl="76" sc="13" el="76" ec="94" bec="0" bev="0" fileid="2" />
                <SequencePoint vc="0" uspid="22" ordinal="4" offset="105" sl="78" sc="13" el="78" ec="137" bec="0" bev="0" fileid="2" />
                <SequencePoint vc="0" uspid="23" ordinal="5" offset="112" sl="79" sc="13" el="79" ec="137" bec="0" bev="0" fileid="2" />
                <SequencePoint vc="0" uspid="24" ordinal="6" offset="119" sl="81" sc="13" el="81" ec="72" bec="0" bev="0" fileid="2" />
                <SequencePoint vc="0" uspid="25" ordinal="7" offset="126" sl="82" sc="13" el="82" ec="76" bec="0" bev="0" fileid="2" />
                <SequencePoint vc="0" uspid="26" ordinal="8" offset="133" sl="84" sc="13" el="84" ec="62" bec="0" bev="0" fileid="2" />
                <SequencePoint vc="0" uspid="27" ordinal="9" offset="140" sl="85" sc="9" el="85" ec="10" bec="0" bev="0" fileid="2" />
              </SequencePoints>
              <BranchPoints />
              <MethodPoint xsi:type="SequencePoint" vc="0" uspid="18" ordinal="0" offset="0" sl="58" sc="9" el="58" ec="10" bec="0" bev="0" fileid="2" />
            </Method>
            <Method visited="false" cyclomaticComplexity="2" nPathComplexity="0" sequenceCoverage="0" branchCoverage="0" isConstructor="false" isStatic="false" isGetter="false" isSetter="false">
              <Summary numSequencePoints="7" visitedSequencePoints="0" numBranchPoints="1" visitedBranchPoints="0" sequenceCoverage="0" branchCoverage="0" maxCyclomaticComplexity="2" minCyclomaticComplexity="2" visitedClasses="0" numClasses="0" visitedMethods="0" numMethods="1" />
              <MetadataToken>100663302</MetadataToken>
              <Name>System.Void Keymaster.Startup::Configure(Microsoft.AspNetCore.Builder.IApplicationBuilder,Microsoft.AspNetCore.Hosting.IHostingEnvironment,Microsoft.Extensions.Logging.ILoggerFactory)</Name>
              <FileRef uid="2" />
              <SequencePoints>
                <SequencePoint vc="0" uspid="32" ordinal="0" offset="0" sl="88" sc="9" el="88" ec="10" bec="0" bev="0" fileid="2" />
                <SequencePoint vc="0" uspid="33" ordinal="1" offset="1" sl="89" sc="13" el="89" ec="77" bec="0" bev="0" fileid="2" />
                <SequencePoint vc="0" uspid="34" ordinal="2" offset="13" sl="90" sc="13" el="90" ec="62" bec="0" bev="0" fileid="2" />
                <SequencePoint vc="0" uspid="35" ordinal="3" offset="25" sl="93" sc="13" el="93" ec="30" bec="0" bev="0" fileid="2" />
                <SequencePoint vc="0" uspid="36" ordinal="4" offset="33" sl="96" sc="13" el="99" ec="16" bec="0" bev="0" fileid="2" />
                <SequencePoint vc="0" uspid="37" ordinal="5" offset="71" sl="101" sc="13" el="101" ec="26" bec="0" bev="0" fileid="2" />
                <SequencePoint vc="0" uspid="38" ordinal="6" offset="78" sl="102" sc="9" el="102" ec="10" bec="0" bev="0" fileid="2" />
              </SequencePoints>
              <BranchPoints />
              <MethodPoint xsi:type="SequencePoint" vc="0" uspid="32" ordinal="0" offset="0" sl="88" sc="9" el="88" ec="10" bec="0" bev="0" fileid="2" />
            </Method>
          </Methods>
        </Class>
        <Class>
          <Summary numSequencePoints="12" visitedSequencePoints="0" numBranchPoints="3" visitedBranchPoints="0" sequenceCoverage="0" branchCoverage="0" maxCyclomaticComplexity="1" minCyclomaticComplexity="1" visitedClasses="0" numClasses="1" visitedMethods="0" numMethods="3" />
          <FullName>Keymaster.Startup/&lt;&gt;c</FullName>
          <Methods>
            <Method visited="false" cyclomaticComplexity="1" nPathComplexity="0" sequenceCoverage="0" branchCoverage="0" isConstructor="true" isStatic="true" isGetter="false" isSetter="false">
              <Summary numSequencePoints="0" visitedSequencePoints="0" numBranchPoints="0" visitedBranchPoints="0" sequenceCoverage="0" branchCoverage="0" maxCyclomaticComplexity="1" minCyclomaticComplexity="1" visitedClasses="0" numClasses="0" visitedMethods="0" numMethods="0" />
              <MetadataToken>100663373</MetadataToken>
              <Name>System.Void Keymaster.Startup/&lt;&gt;c::.cctor()</Name>
              <SequencePoints />
              <BranchPoints />
              <MethodPoint vc="0" uspid="41" ordinal="0" offset="0" />
            </Method>
            <Method visited="false" cyclomaticComplexity="1" nPathComplexity="0" sequenceCoverage="0" branchCoverage="0" isConstructor="true" isStatic="false" isGetter="false" isSetter="false">
              <Summary numSequencePoints="0" visitedSequencePoints="0" numBranchPoints="0" visitedBranchPoints="0" sequenceCoverage="0" branchCoverage="0" maxCyclomaticComplexity="1" minCyclomaticComplexity="1" visitedClasses="0" numClasses="0" visitedMethods="0" numMethods="0" />
              <MetadataToken>100663374</MetadataToken>
              <Name>System.Void Keymaster.Startup/&lt;&gt;c::.ctor()</Name>
              <SequencePoints />
              <BranchPoints />
              <MethodPoint vc="0" uspid="42" ordinal="0" offset="0" />
            </Method>
            <Method visited="false" cyclomaticComplexity="1" nPathComplexity="0" sequenceCoverage="0" branchCoverage="0" isConstructor="false" isStatic="false" isGetter="false" isSetter="false">
              <Summary numSequencePoints="6" visitedSequencePoints="0" numBranchPoints="1" visitedBranchPoints="0" sequenceCoverage="0" branchCoverage="0" maxCyclomaticComplexity="1" minCyclomaticComplexity="1" visitedClasses="0" numClasses="0" visitedMethods="0" numMethods="1" />
              <MetadataToken>100663375</MetadataToken>
              <Name>System.Void Keymaster.Startup/&lt;&gt;c::&lt;ConfigureServices&gt;b__4_0(Swashbuckle.AspNetCore.SwaggerGen.SwaggerGenOptions)</Name>
              <FileRef uid="2" />
              <SequencePoints>
                <SequencePoint vc="0" uspid="43" ordinal="0" offset="0" sl="60" sc="13" el="60" ec="14" bec="0" bev="0" fileid="2" />
                <SequencePoint vc="0" uspid="44" ordinal="1" offset="1" sl="61" sc="17" el="63" ec="258" bec="0" bev="0" fileid="2" />
                <SequencePoint vc="0" uspid="45" ordinal="2" offset="102" sl="64" sc="17" el="64" ec="120" bec="0" bev="0" fileid="2" />
                <SequencePoint vc="0" uspid="46" ordinal="3" offset="128" sl="65" sc="17" el="65" ec="48" bec="0" bev="0" fileid="2" />
                <SequencePoint vc="0" uspid="47" ordinal="4" offset="136" sl="66" sc="17" el="66" ec="54" bec="0" bev="0" fileid="2" />
                <SequencePoint vc="0" uspid="48" ordinal="5" offset="143" sl="67" sc="13" el="67" ec="14" bec="0" bev="0" fileid="2" />
              </SequencePoints>
              <BranchPoints />
              <MethodPoint xsi:type="SequencePoint" vc="0" uspid="43" ordinal="0" offset="0" sl="60" sc="13" el="60" ec="14" bec="0" bev="0" fileid="2" />
            </Method>
            <Method visited="false" cyclomaticComplexity="1" nPathComplexity="0" sequenceCoverage="0" branchCoverage="0" isConstructor="false" isStatic="false" isGetter="false" isSetter="false">
              <Summary numSequencePoints="3" visitedSequencePoints="0" numBranchPoints="1" visitedBranchPoints="0" sequenceCoverage="0" branchCoverage="0" maxCyclomaticComplexity="1" minCyclomaticComplexity="1" visitedClasses="0" numClasses="0" visitedMethods="0" numMethods="1" />
              <MetadataToken>100663376</MetadataToken>
              <Name>System.Void Keymaster.Startup/&lt;&gt;c::&lt;ConfigureServices&gt;b__4_1(Microsoft.AspNetCore.Mvc.MvcJsonOptions)</Name>
              <FileRef uid="2" />
              <SequencePoints>
                <SequencePoint vc="0" uspid="49" ordinal="0" offset="0" sl="72" sc="25" el="72" ec="26" bec="0" bev="0" fileid="2" />
                <SequencePoint vc="0" uspid="50" ordinal="1" offset="1" sl="73" sc="29" el="73" ec="102" bec="0" bev="0" fileid="2" />
                <SequencePoint vc="0" uspid="51" ordinal="2" offset="23" sl="74" sc="25" el="74" ec="26" bec="0" bev="0" fileid="2" />
              </SequencePoints>
              <BranchPoints />
              <MethodPoint xsi:type="SequencePoint" vc="0" uspid="49" ordinal="0" offset="0" sl="72" sc="25" el="72" ec="26" bec="0" bev="0" fileid="2" />
            </Method>
            <Method visited="false" cyclomaticComplexity="1" nPathComplexity="0" sequenceCoverage="0" branchCoverage="0" isConstructor="false" isStatic="false" isGetter="false" isSetter="false">
              <Summary numSequencePoints="3" visitedSequencePoints="0" numBranchPoints="1" visitedBranchPoints="0" sequenceCoverage="0" branchCoverage="0" maxCyclomaticComplexity="1" minCyclomaticComplexity="1" visitedClasses="0" numClasses="0" visitedMethods="0" numMethods="1" />
              <MetadataToken>100663377</MetadataToken>
              <Name>System.Void Keymaster.Startup/&lt;&gt;c::&lt;Configure&gt;b__5_0(Swashbuckle.AspNetCore.SwaggerUI.SwaggerUIOptions)</Name>
              <FileRef uid="2" />
              <SequencePoints>
                <SequencePoint vc="0" uspid="52" ordinal="0" offset="0" sl="97" sc="13" el="97" ec="14" bec="0" bev="0" fileid="2" />
                <SequencePoint vc="0" uspid="53" ordinal="1" offset="1" sl="98" sc="17" el="98" ec="83" bec="0" bev="0" fileid="2" />
                <SequencePoint vc="0" uspid="54" ordinal="2" offset="18" sl="99" sc="13" el="99" ec="14" bec="0" bev="0" fileid="2" />
              </SequencePoints>
              <BranchPoints />
              <MethodPoint xsi:type="SequencePoint" vc="0" uspid="52" ordinal="0" offset="0" sl="97" sc="13" el="97" ec="14" bec="0" bev="0" fileid="2" />
            </Method>
          </Methods>
        </Class>
        <Class>
          <Summary numSequencePoints="4" visitedSequencePoints="4" numBranchPoints="1" visitedBranchPoints="1" sequenceCoverage="100" branchCoverage="100" maxCyclomaticComplexity="2" minCyclomaticComplexity="1" visitedClasses="1" numClasses="1" visitedMethods="1" numMethods="1" />
          <FullName>Keymaster.Transformer.InternalTokensToExternalTokenCollection</FullName>
          <Methods>
            <Method visited="true" cyclomaticComplexity="2" nPathComplexity="0" sequenceCoverage="100" branchCoverage="100" isConstructor="false" isStatic="false" isGetter="false" isSetter="false">
              <Summary numSequencePoints="4" visitedSequencePoints="4" numBranchPoints="1" visitedBranchPoints="1" sequenceCoverage="100" branchCoverage="100" maxCyclomaticComplexity="2" minCyclomaticComplexity="2" visitedClasses="0" numClasses="0" visitedMethods="1" numMethods="1" />
              <MetadataToken>100663303</MetadataToken>
              <Name>Keymaster.Model.External.TokenCollection Keymaster.Transformer.InternalTokensToExternalTokenCollection::Transform(System.Collections.Generic.List`1&lt;Keymaster.Model.Internal.Token&gt;)</Name>
              <FileRef uid="4" />
              <SequencePoints>
                <SequencePoint vc="3" uspid="55" ordinal="0" offset="0" sl="22" sc="9" el="22" ec="10" bec="0" bev="0" fileid="4" />
                <SequencePoint vc="3" uspid="56" ordinal="1" offset="1" sl="23" sc="13" el="39" ec="33" bec="0" bev="0" fileid="4" />
                <SequencePoint vc="1" uspid="57" ordinal="2" offset="44" sl="41" sc="13" el="41" ec="60" bec="0" bev="0" fileid="4" />
                <SequencePoint vc="1" uspid="58" ordinal="3" offset="60" sl="42" sc="9" el="42" ec="10" bec="0" bev="0" fileid="4" />
              </SequencePoints>
              <BranchPoints />
              <MethodPoint xsi:type="SequencePoint" vc="3" uspid="55" ordinal="0" offset="0" sl="22" sc="9" el="22" ec="10" bec="0" bev="0" fileid="4" />
            </Method>
            <Method visited="true" cyclomaticComplexity="1" nPathComplexity="0" sequenceCoverage="0" branchCoverage="0" isConstructor="true" isStatic="false" isGetter="false" isSetter="false">
              <Summary numSequencePoints="0" visitedSequencePoints="0" numBranchPoints="0" visitedBranchPoints="0" sequenceCoverage="0" branchCoverage="0" maxCyclomaticComplexity="1" minCyclomaticComplexity="1" visitedClasses="0" numClasses="0" visitedMethods="0" numMethods="0" />
              <MetadataToken>100663304</MetadataToken>
              <Name>System.Void Keymaster.Transformer.InternalTokensToExternalTokenCollection::.ctor()</Name>
              <SequencePoints />
              <BranchPoints />
              <MethodPoint vc="3" uspid="61" ordinal="0" offset="0" />
            </Method>
          </Methods>
        </Class>
        <Class>
          <Summary numSequencePoints="6" visitedSequencePoints="6" numBranchPoints="3" visitedBranchPoints="3" sequenceCoverage="100" branchCoverage="100" maxCyclomaticComplexity="2" minCyclomaticComplexity="1" visitedClasses="1" numClasses="1" visitedMethods="1" numMethods="1" />
          <FullName>Keymaster.Transformer.InternalTokensToExternalTokenCollection/&lt;&gt;c</FullName>
          <Methods>
            <Method visited="true" cyclomaticComplexity="1" nPathComplexity="0" sequenceCoverage="0" branchCoverage="0" isConstructor="true" isStatic="true" isGetter="false" isSetter="false">
              <Summary numSequencePoints="0" visitedSequencePoints="0" numBranchPoints="0" visitedBranchPoints="0" sequenceCoverage="0" branchCoverage="0" maxCyclomaticComplexity="1" minCyclomaticComplexity="1" visitedClasses="0" numClasses="0" visitedMethods="0" numMethods="0" />
              <MetadataToken>100663378</MetadataToken>
              <Name>System.Void Keymaster.Transformer.InternalTokensToExternalTokenCollection/&lt;&gt;c::.cctor()</Name>
              <SequencePoints />
              <BranchPoints />
              <MethodPoint vc="1" uspid="62" ordinal="0" offset="0" />
            </Method>
            <Method visited="true" cyclomaticComplexity="1" nPathComplexity="0" sequenceCoverage="0" branchCoverage="0" isConstructor="true" isStatic="false" isGetter="false" isSetter="false">
              <Summary numSequencePoints="0" visitedSequencePoints="0" numBranchPoints="0" visitedBranchPoints="0" sequenceCoverage="0" branchCoverage="0" maxCyclomaticComplexity="1" minCyclomaticComplexity="1" visitedClasses="0" numClasses="0" visitedMethods="0" numMethods="0" />
              <MetadataToken>100663379</MetadataToken>
              <Name>System.Void Keymaster.Transformer.InternalTokensToExternalTokenCollection/&lt;&gt;c::.ctor()</Name>
              <SequencePoints />
              <BranchPoints />
              <MethodPoint vc="1" uspid="63" ordinal="0" offset="0" />
            </Method>
            <Method visited="true" cyclomaticComplexity="2" nPathComplexity="2" sequenceCoverage="100" branchCoverage="100" isConstructor="false" isStatic="false" isGetter="false" isSetter="false">
              <Summary numSequencePoints="6" visitedSequencePoints="6" numBranchPoints="3" visitedBranchPoints="3" sequenceCoverage="100" branchCoverage="100" maxCyclomaticComplexity="2" minCyclomaticComplexity="2" visitedClasses="0" numClasses="0" visitedMethods="1" numMethods="1" />
              <MetadataToken>100663380</MetadataToken>
              <Name>Keymaster.Model.External.TokenItem Keymaster.Transformer.InternalTokensToExternalTokenCollection/&lt;&gt;c::&lt;Transform&gt;b__0_0(Keymaster.Model.Internal.Token)</Name>
              <FileRef uid="4" />
              <SequencePoints>
                <SequencePoint vc="3" uspid="64" ordinal="0" offset="0" sl="25" sc="21" el="25" ec="22" bec="0" bev="0" fileid="4" />
                <SequencePoint vc="3" uspid="65" ordinal="1" offset="1" sl="26" sc="25" el="26" ec="62" bec="2" bev="2" fileid="4" />
                <SequencePoint vc="2" uspid="66" ordinal="2" offset="16" sl="27" sc="25" el="27" ec="26" bec="0" bev="0" fileid="4" />
                <SequencePoint vc="2" uspid="67" ordinal="3" offset="17" sl="28" sc="29" el="28" ec="111" bec="0" bev="0" fileid="4" />
                <SequencePoint vc="1" uspid="68" ordinal="4" offset="33" sl="31" sc="25" el="38" ec="38" bec="0" bev="0" fileid="4" />
                <SequencePoint vc="1" uspid="69" ordinal="5" offset="121" sl="39" sc="21" el="39" ec="22" bec="0" bev="0" fileid="4" />
              </SequencePoints>
              <BranchPoints>
                <BranchPoint vc="2" uspid="70" ordinal="0" offset="14" sl="26" path="0" offsetend="16" fileid="4" />
                <BranchPoint vc="1" uspid="71" ordinal="1" offset="14" sl="26" path="1" offsetend="33" fileid="4" />
              </BranchPoints>
              <MethodPoint xsi:type="SequencePoint" vc="3" uspid="64" ordinal="0" offset="0" sl="25" sc="21" el="25" ec="22" bec="0" bev="0" fileid="4" />
            </Method>
          </Methods>
        </Class>
        <Class>
          <Summary numSequencePoints="13" visitedSequencePoints="13" numBranchPoints="6" visitedBranchPoints="6" sequenceCoverage="100" branchCoverage="100" maxCyclomaticComplexity="3" minCyclomaticComplexity="1" visitedClasses="1" numClasses="1" visitedMethods="2" numMethods="2" />
          <FullName>Keymaster.Transformer.InternalTokenToExternalTokenDetail</FullName>
          <Methods>
            <Method visited="true" cyclomaticComplexity="3" nPathComplexity="4" sequenceCoverage="100" branchCoverage="100" isConstructor="false" isStatic="false" isGetter="false" isSetter="false">
              <Summary numSequencePoints="9" visitedSequencePoints="9" numBranchPoints="5" visitedBranchPoints="5" sequenceCoverage="100" branchCoverage="100" maxCyclomaticComplexity="3" minCyclomaticComplexity="3" visitedClasses="0" numClasses="0" visitedMethods="1" numMethods="1" />
              <MetadataToken>100663305</MetadataToken>
              <Name>Keymaster.Model.External.TokenDetail Keymaster.Transformer.InternalTokenToExternalTokenDetail::Transform(Keymaster.Model.Internal.Token)</Name>
              <FileRef uid="6" />
              <SequencePoints>
                <SequencePoint vc="4" uspid="72" ordinal="0" offset="0" sl="19" sc="9" el="19" ec="10" bec="0" bev="0" fileid="6" />
                <SequencePoint vc="4" uspid="73" ordinal="1" offset="1" sl="20" sc="13" el="20" ec="41" bec="2" bev="2" fileid="6" />
                <SequencePoint vc="1" uspid="74" ordinal="2" offset="9" sl="21" sc="13" el="21" ec="14" bec="0" bev="0" fileid="6" />
                <SequencePoint vc="1" uspid="75" ordinal="3" offset="10" sl="22" sc="17" el="22" ec="29" bec="0" bev="0" fileid="6" />
                <SequencePoint vc="3" uspid="76" ordinal="4" offset="14" sl="25" sc="13" el="25" ec="64" bec="2" bev="2" fileid="6" />
                <SequencePoint vc="2" uspid="77" ordinal="5" offset="29" sl="26" sc="13" el="26" ec="14" bec="0" bev="0" fileid="6" />
                <SequencePoint vc="2" uspid="78" ordinal="6" offset="30" sl="27" sc="17" el="27" ec="99" bec="0" bev="0" fileid="6" />
                <SequencePoint vc="1" uspid="79" ordinal="7" offset="46" sl="30" sc="13" el="37" ec="26" bec="0" bev="0" fileid="6" />
                <SequencePoint vc="2" uspid="80" ordinal="8" offset="125" sl="38" sc="9" el="38" ec="10" bec="0" bev="0" fileid="6" />
              </SequencePoints>
              <BranchPoints>
                <BranchPoint vc="1" uspid="81" ordinal="0" offset="7" sl="20" path="0" offsetend="9" fileid="6" />
                <BranchPoint vc="3" uspid="82" ordinal="1" offset="7" sl="20" path="1" offsetend="14" fileid="6" />
                <BranchPoint vc="2" uspid="83" ordinal="2" offset="27" sl="25" path="0" offsetend="29" fileid="6" />
                <BranchPoint vc="1" uspid="84" ordinal="3" offset="27" sl="25" path="1" offsetend="46" fileid="6" />
              </BranchPoints>
              <MethodPoint xsi:type="SequencePoint" vc="4" uspid="72" ordinal="0" offset="0" sl="19" sc="9" el="19" ec="10" bec="0" bev="0" fileid="6" />
            </Method>
            <Method visited="true" cyclomaticComplexity="1" nPathComplexity="0" sequenceCoverage="100" branchCoverage="100" isConstructor="false" isStatic="false" isGetter="false" isSetter="false">
              <Summary numSequencePoints="4" visitedSequencePoints="4" numBranchPoints="1" visitedBranchPoints="1" sequenceCoverage="100" branchCoverage="100" maxCyclomaticComplexity="1" minCyclomaticComplexity="1" visitedClasses="0" numClasses="0" visitedMethods="1" numMethods="1" />
              <MetadataToken>100663306</MetadataToken>
              <Name>System.String Keymaster.Transformer.InternalTokenToExternalTokenDetail::Base64Encode(System.String)</Name>
              <FileRef uid="6" />
              <SequencePoints>
                <SequencePoint vc="1" uspid="85" ordinal="0" offset="0" sl="41" sc="9" el="41" ec="10" bec="0" bev="0" fileid="6" />
                <SequencePoint vc="1" uspid="86" ordinal="1" offset="1" sl="42" sc="13" el="42" ec="80" bec="0" bev="0" fileid="6" />
                <SequencePoint vc="1" uspid="87" ordinal="2" offset="13" sl="43" sc="13" el="43" ec="59" bec="0" bev="0" fileid="6" />
                <SequencePoint vc="1" uspid="88" ordinal="3" offset="22" sl="44" sc="9" el="44" ec="10" bec="0" bev="0" fileid="6" />
              </SequencePoints>
              <BranchPoints />
              <MethodPoint xsi:type="SequencePoint" vc="1" uspid="85" ordinal="0" offset="0" sl="41" sc="9" el="41" ec="10" bec="0" bev="0" fileid="6" />
            </Method>
            <Method visited="true" cyclomaticComplexity="1" nPathComplexity="0" sequenceCoverage="0" branchCoverage="0" isConstructor="true" isStatic="false" isGetter="false" isSetter="false">
              <Summary numSequencePoints="0" visitedSequencePoints="0" numBranchPoints="0" visitedBranchPoints="0" sequenceCoverage="0" branchCoverage="0" maxCyclomaticComplexity="1" minCyclomaticComplexity="1" visitedClasses="0" numClasses="0" visitedMethods="0" numMethods="0" />
              <MetadataToken>100663307</MetadataToken>
              <Name>System.Void Keymaster.Transformer.InternalTokenToExternalTokenDetail::.ctor()</Name>
              <SequencePoints />
              <BranchPoints />
              <MethodPoint vc="4" uspid="89" ordinal="0" offset="0" />
            </Method>
          </Methods>
        </Class>
        <Class>
          <Summary numSequencePoints="4" visitedSequencePoints="0" numBranchPoints="1" visitedBranchPoints="0" sequenceCoverage="0" branchCoverage="0" maxCyclomaticComplexity="1" minCyclomaticComplexity="1" visitedClasses="0" numClasses="1" visitedMethods="0" numMethods="1" />
          <FullName>Keymaster.Repository.TokenRepository</FullName>
          <Methods>
            <Method visited="false" cyclomaticComplexity="1" nPathComplexity="0" sequenceCoverage="0" branchCoverage="0" isConstructor="true" isStatic="false" isGetter="false" isSetter="false">
              <Summary numSequencePoints="4" visitedSequencePoints="0" numBranchPoints="1" visitedBranchPoints="0" sequenceCoverage="0" branchCoverage="0" maxCyclomaticComplexity="1" minCyclomaticComplexity="1" visitedClasses="0" numClasses="0" visitedMethods="0" numMethods="1" />
              <MetadataToken>100663311</MetadataToken>
              <Name>System.Void Keymaster.Repository.TokenRepository::.ctor(Keymaster.Data.ITokenContext)</Name>
              <FileRef uid="7" />
              <SequencePoints>
                <SequencePoint vc="0" uspid="90" ordinal="0" offset="0" sl="22" sc="9" el="22" ec="59" bec="0" bev="0" fileid="7" />
                <SequencePoint vc="0" uspid="91" ordinal="1" offset="7" sl="23" sc="9" el="23" ec="10" bec="0" bev="0" fileid="7" />
                <SequencePoint vc="0" uspid="92" ordinal="2" offset="8" sl="24" sc="13" el="24" ec="46" bec="0" bev="0" fileid="7" />
                <SequencePoint vc="0" uspid="93" ordinal="3" offset="15" sl="25" sc="9" el="25" ec="10" bec="0" bev="0" fileid="7" />
              </SequencePoints>
              <BranchPoints />
              <MethodPoint xsi:type="SequencePoint" vc="0" uspid="90" ordinal="0" offset="0" sl="22" sc="9" el="22" ec="59" bec="0" bev="0" fileid="7" />
            </Method>
            <Method visited="false" cyclomaticComplexity="1" nPathComplexity="0" sequenceCoverage="0" branchCoverage="0" isConstructor="false" isStatic="false" isGetter="false" isSetter="false">
              <Summary numSequencePoints="0" visitedSequencePoints="0" numBranchPoints="0" visitedBranchPoints="0" sequenceCoverage="0" branchCoverage="0" maxCyclomaticComplexity="1" minCyclomaticComplexity="1" visitedClasses="0" numClasses="0" visitedMethods="0" numMethods="0" />
              <MetadataToken>100663312</MetadataToken>
              <Name>System.Threading.Tasks.Task`1&lt;System.Collections.Generic.List`1&lt;Keymaster.Model.Internal.Token&gt;&gt; Keymaster.Repository.TokenRepository::GetApiTokensAsync(Keymaster.Model.TokenQueryParameter)</Name>
              <SequencePoints />
              <BranchPoints />
              <MethodPoint vc="0" uspid="94" ordinal="0" offset="0" />
            </Method>
            <Method visited="false" cyclomaticComplexity="1" nPathComplexity="0" sequenceCoverage="0" branchCoverage="0" isConstructor="false" isStatic="false" isGetter="false" isSetter="false">
              <Summary numSequencePoints="0" visitedSequencePoints="0" numBranchPoints="0" visitedBranchPoints="0" sequenceCoverage="0" branchCoverage="0" maxCyclomaticComplexity="1" minCyclomaticComplexity="1" visitedClasses="0" numClasses="0" visitedMethods="0" numMethods="0" />
              <MetadataToken>100663313</MetadataToken>
              <Name>System.Threading.Tasks.Task`1&lt;Keymaster.Model.Internal.Token&gt; Keymaster.Repository.TokenRepository::GetApiTokenAsync(System.Guid)</Name>
              <SequencePoints />
              <BranchPoints />
              <MethodPoint vc="0" uspid="95" ordinal="0" offset="0" />
            </Method>
          </Methods>
        </Class>
        <Class>
          <Summary numSequencePoints="3" visitedSequencePoints="0" numBranchPoints="11" visitedBranchPoints="0" sequenceCoverage="0" branchCoverage="0" maxCyclomaticComplexity="4" minCyclomaticComplexity="1" visitedClasses="0" numClasses="1" visitedMethods="0" numMethods="3" />
          <FullName>Keymaster.Repository.TokenRepository/&lt;&gt;c__DisplayClass2_0</FullName>
          <Methods>
            <Method visited="false" cyclomaticComplexity="1" nPathComplexity="0" sequenceCoverage="0" branchCoverage="0" isConstructor="true" isStatic="false" isGetter="false" isSetter="false">
              <Summary numSequencePoints="0" visitedSequencePoints="0" numBranchPoints="0" visitedBranchPoints="0" sequenceCoverage="0" branchCoverage="0" maxCyclomaticComplexity="1" minCyclomaticComplexity="1" visitedClasses="0" numClasses="0" visitedMethods="0" numMethods="0" />
              <MetadataToken>100663381</MetadataToken>
              <Name>System.Void Keymaster.Repository.TokenRepository/&lt;&gt;c__DisplayClass2_0::.ctor()</Name>
              <SequencePoints />
              <BranchPoints />
              <MethodPoint vc="0" uspid="96" ordinal="0" offset="0" />
            </Method>
            <Method visited="false" cyclomaticComplexity="2" nPathComplexity="2" sequenceCoverage="0" branchCoverage="0" isConstructor="false" isStatic="false" isGetter="false" isSetter="false">
              <Summary numSequencePoints="1" visitedSequencePoints="0" numBranchPoints="3" visitedBranchPoints="0" sequenceCoverage="0" branchCoverage="0" maxCyclomaticComplexity="2" minCyclomaticComplexity="2" visitedClasses="0" numClasses="0" visitedMethods="0" numMethods="1" />
              <MetadataToken>100663382</MetadataToken>
              <Name>System.Boolean Keymaster.Repository.TokenRepository/&lt;&gt;c__DisplayClass2_0::&lt;GetApiTokensAsync&gt;b__0(Keymaster.Model.Internal.Token)</Name>
              <FileRef uid="7" />
              <SequencePoints>
                <SequencePoint vc="0" uspid="97" ordinal="0" offset="0" sl="31" sc="29" el="31" ec="61" bec="2" bev="0" fileid="7" />
              </SequencePoints>
              <BranchPoints>
                <BranchPoint vc="0" uspid="98" ordinal="0" offset="25" sl="31" path="0" offsetend="27" fileid="7" />
                <BranchPoint vc="0" uspid="99" ordinal="1" offset="25" sl="31" path="1" offsetend="35" fileid="7" />
              </BranchPoints>
              <MethodPoint xsi:type="SequencePoint" vc="0" uspid="97" ordinal="0" offset="0" sl="31" sc="29" el="31" ec="61" bec="2" bev="0" fileid="7" />
            </Method>
            <Method visited="false" cyclomaticComplexity="2" nPathComplexity="2" sequenceCoverage="0" branchCoverage="0" isConstructor="false" isStatic="false" isGetter="false" isSetter="false">
              <Summary numSequencePoints="1" visitedSequencePoints="0" numBranchPoints="3" visitedBranchPoints="0" sequenceCoverage="0" branchCoverage="0" maxCyclomaticComplexity="2" minCyclomaticComplexity="2" visitedClasses="0" numClasses="0" visitedMethods="0" numMethods="1" />
              <MetadataToken>100663383</MetadataToken>
              <Name>System.Boolean Keymaster.Repository.TokenRepository/&lt;&gt;c__DisplayClass2_0::&lt;GetApiTokensAsync&gt;b__1(Keymaster.Model.Internal.Token)</Name>
              <FileRef uid="7" />
              <SequencePoints>
                <SequencePoint vc="0" uspid="100" ordinal="0" offset="0" sl="32" sc="29" el="32" ec="73" bec="2" bev="0" fileid="7" />
              </SequencePoints>
              <BranchPoints>
                <BranchPoint vc="0" uspid="101" ordinal="0" offset="25" sl="32" path="0" offsetend="27" fileid="7" />
                <BranchPoint vc="0" uspid="102" ordinal="1" offset="25" sl="32" path="1" offsetend="35" fileid="7" />
              </BranchPoints>
              <MethodPoint xsi:type="SequencePoint" vc="0" uspid="100" ordinal="0" offset="0" sl="32" sc="29" el="32" ec="73" bec="2" bev="0" fileid="7" />
            </Method>
            <Method visited="false" cyclomaticComplexity="4" nPathComplexity="4" sequenceCoverage="0" branchCoverage="0" isConstructor="false" isStatic="false" isGetter="false" isSetter="false">
              <Summary numSequencePoints="1" visitedSequencePoints="0" numBranchPoints="5" visitedBranchPoints="0" sequenceCoverage="0" branchCoverage="0" maxCyclomaticComplexity="4" minCyclomaticComplexity="4" visitedClasses="0" numClasses="0" visitedMethods="0" numMethods="1" />
              <MetadataToken>100663384</MetadataToken>
              <Name>System.Boolean Keymaster.Repository.TokenRepository/&lt;&gt;c__DisplayClass2_0::&lt;GetApiTokensAsync&gt;b__2(Keymaster.Model.Internal.Token)</Name>
              <FileRef uid="7" />
              <SequencePoints>
                <SequencePoint vc="0" uspid="103" ordinal="0" offset="0" sl="33" sc="29" el="33" ec="93" bec="4" bev="0" fileid="7" />
              </SequencePoints>
              <BranchPoints>
                <BranchPoint vc="0" uspid="104" ordinal="0" offset="18" sl="33" path="0" offsetend="20" fileid="7" />
                <BranchPoint vc="0" uspid="105" ordinal="1" offset="18" sl="33" path="1" offsetend="24" fileid="7" />
                <BranchPoint vc="0" uspid="106" ordinal="2" offset="30" sl="33" path="0" offsetend="32" fileid="7" />
                <BranchPoint vc="0" uspid="107" ordinal="3" offset="30" sl="33" path="1" offsetend="39" fileid="7" />
              </BranchPoints>
              <MethodPoint xsi:type="SequencePoint" vc="0" uspid="103" ordinal="0" offset="0" sl="33" sc="29" el="33" ec="93" bec="4" bev="0" fileid="7" />
            </Method>
          </Methods>
        </Class>
        <Class>
          <Summary numSequencePoints="2" visitedSequencePoints="0" numBranchPoints="1" visitedBranchPoints="0" sequenceCoverage="0" branchCoverage="0" maxCyclomaticComplexity="1" minCyclomaticComplexity="1" visitedClasses="0" numClasses="1" visitedMethods="0" numMethods="1" />
          <FullName>Keymaster.Repository.TokenRepository/&lt;GetApiTokensAsync&gt;d__2</FullName>
          <Methods>
            <Method visited="false" cyclomaticComplexity="1" nPathComplexity="0" sequenceCoverage="0" branchCoverage="0" isConstructor="true" isStatic="false" isGetter="false" isSetter="false">
              <Summary numSequencePoints="0" visitedSequencePoints="0" numBranchPoints="0" visitedBranchPoints="0" sequenceCoverage="0" branchCoverage="0" maxCyclomaticComplexity="1" minCyclomaticComplexity="1" visitedClasses="0" numClasses="0" visitedMethods="0" numMethods="0" />
              <MetadataToken>100663385</MetadataToken>
              <Name>System.Void Keymaster.Repository.TokenRepository/&lt;GetApiTokensAsync&gt;d__2::.ctor()</Name>
              <SequencePoints />
              <BranchPoints />
              <MethodPoint vc="0" uspid="108" ordinal="0" offset="0" />
            </Method>
            <Method visited="false" cyclomaticComplexity="1" nPathComplexity="0" sequenceCoverage="0" branchCoverage="0" isConstructor="false" isStatic="false" isGetter="false" isSetter="false">
              <Summary numSequencePoints="2" visitedSequencePoints="0" numBranchPoints="1" visitedBranchPoints="0" sequenceCoverage="0" branchCoverage="0" maxCyclomaticComplexity="1" minCyclomaticComplexity="1" visitedClasses="0" numClasses="0" visitedMethods="0" numMethods="1" />
              <MetadataToken>100663386</MetadataToken>
              <Name>System.Void Keymaster.Repository.TokenRepository/&lt;GetApiTokensAsync&gt;d__2::MoveNext()</Name>
              <FileRef uid="7" />
              <SequencePoints>
                <SequencePoint vc="0" uspid="109" ordinal="0" offset="35" sl="28" sc="9" el="28" ec="10" bec="0" bev="0" fileid="7" />
                <SequencePoint vc="0" uspid="110" ordinal="1" offset="36" sl="30" sc="13" el="34" ec="27" bec="0" bev="0" fileid="7" />
              </SequencePoints>
              <BranchPoints />
              <MethodPoint vc="0" uspid="112" ordinal="0" offset="0" />
            </Method>
            <Method visited="false" cyclomaticComplexity="1" nPathComplexity="0" sequenceCoverage="0" branchCoverage="0" isConstructor="false" isStatic="false" isGetter="false" isSetter="false">
              <Summary numSequencePoints="0" visitedSequencePoints="0" numBranchPoints="0" visitedBranchPoints="0" sequenceCoverage="0" branchCoverage="0" maxCyclomaticComplexity="1" minCyclomaticComplexity="1" visitedClasses="0" numClasses="0" visitedMethods="0" numMethods="0" />
              <MetadataToken>100663387</MetadataToken>
              <Name>System.Void Keymaster.Repository.TokenRepository/&lt;GetApiTokensAsync&gt;d__2::SetStateMachine(System.Runtime.CompilerServices.IAsyncStateMachine)</Name>
              <SequencePoints />
              <BranchPoints />
              <MethodPoint vc="0" uspid="113" ordinal="0" offset="0" />
            </Method>
          </Methods>
        </Class>
        <Class>
          <Summary numSequencePoints="1" visitedSequencePoints="0" numBranchPoints="1" visitedBranchPoints="0" sequenceCoverage="0" branchCoverage="0" maxCyclomaticComplexity="1" minCyclomaticComplexity="1" visitedClasses="0" numClasses="1" visitedMethods="0" numMethods="1" />
          <FullName>Keymaster.Repository.TokenRepository/&lt;&gt;c__DisplayClass3_0</FullName>
          <Methods>
            <Method visited="false" cyclomaticComplexity="1" nPathComplexity="0" sequenceCoverage="0" branchCoverage="0" isConstructor="true" isStatic="false" isGetter="false" isSetter="false">
              <Summary numSequencePoints="0" visitedSequencePoints="0" numBranchPoints="0" visitedBranchPoints="0" sequenceCoverage="0" branchCoverage="0" maxCyclomaticComplexity="1" minCyclomaticComplexity="1" visitedClasses="0" numClasses="0" visitedMethods="0" numMethods="0" />
              <MetadataToken>100663388</MetadataToken>
              <Name>System.Void Keymaster.Repository.TokenRepository/&lt;&gt;c__DisplayClass3_0::.ctor()</Name>
              <SequencePoints />
              <BranchPoints />
              <MethodPoint vc="0" uspid="114" ordinal="0" offset="0" />
            </Method>
            <Method visited="false" cyclomaticComplexity="1" nPathComplexity="0" sequenceCoverage="0" branchCoverage="0" isConstructor="false" isStatic="false" isGetter="false" isSetter="false">
              <Summary numSequencePoints="1" visitedSequencePoints="0" numBranchPoints="1" visitedBranchPoints="0" sequenceCoverage="0" branchCoverage="0" maxCyclomaticComplexity="1" minCyclomaticComplexity="1" visitedClasses="0" numClasses="0" visitedMethods="0" numMethods="1" />
              <MetadataToken>100663389</MetadataToken>
              <Name>System.Boolean Keymaster.Repository.TokenRepository/&lt;&gt;c__DisplayClass3_0::&lt;GetApiTokenAsync&gt;b__0(Keymaster.Model.Internal.Token)</Name>
              <FileRef uid="7" />
              <SequencePoints>
                <SequencePoint vc="0" uspid="115" ordinal="0" offset="0" sl="39" sc="65" el="39" ec="80" bec="0" bev="0" fileid="7" />
              </SequencePoints>
              <BranchPoints />
              <MethodPoint xsi:type="SequencePoint" vc="0" uspid="115" ordinal="0" offset="0" sl="39" sc="65" el="39" ec="80" bec="0" bev="0" fileid="7" />
            </Method>
          </Methods>
        </Class>
        <Class>
          <Summary numSequencePoints="2" visitedSequencePoints="0" numBranchPoints="1" visitedBranchPoints="0" sequenceCoverage="0" branchCoverage="0" maxCyclomaticComplexity="1" minCyclomaticComplexity="1" visitedClasses="0" numClasses="1" visitedMethods="0" numMethods="1" />
          <FullName>Keymaster.Repository.TokenRepository/&lt;GetApiTokenAsync&gt;d__3</FullName>
          <Methods>
            <Method visited="false" cyclomaticComplexity="1" nPathComplexity="0" sequenceCoverage="0" branchCoverage="0" isConstructor="true" isStatic="false" isGetter="false" isSetter="false">
              <Summary numSequencePoints="0" visitedSequencePoints="0" numBranchPoints="0" visitedBranchPoints="0" sequenceCoverage="0" branchCoverage="0" maxCyclomaticComplexity="1" minCyclomaticComplexity="1" visitedClasses="0" numClasses="0" visitedMethods="0" numMethods="0" />
              <MetadataToken>100663390</MetadataToken>
              <Name>System.Void Keymaster.Repository.TokenRepository/&lt;GetApiTokenAsync&gt;d__3::.ctor()</Name>
              <SequencePoints />
              <BranchPoints />
              <MethodPoint vc="0" uspid="116" ordinal="0" offset="0" />
            </Method>
            <Method visited="false" cyclomaticComplexity="1" nPathComplexity="0" sequenceCoverage="0" branchCoverage="0" isConstructor="false" isStatic="false" isGetter="false" isSetter="false">
              <Summary numSequencePoints="2" visitedSequencePoints="0" numBranchPoints="1" visitedBranchPoints="0" sequenceCoverage="0" branchCoverage="0" maxCyclomaticComplexity="1" minCyclomaticComplexity="1" visitedClasses="0" numClasses="0" visitedMethods="0" numMethods="1" />
              <MetadataToken>100663391</MetadataToken>
              <Name>System.Void Keymaster.Repository.TokenRepository/&lt;GetApiTokenAsync&gt;d__3::MoveNext()</Name>
              <FileRef uid="7" />
              <SequencePoints>
                <SequencePoint vc="0" uspid="117" ordinal="0" offset="35" sl="38" sc="9" el="38" ec="10" bec="0" bev="0" fileid="7" />
                <SequencePoint vc="0" uspid="118" ordinal="1" offset="36" sl="39" sc="13" el="39" ec="82" bec="0" bev="0" fileid="7" />
              </SequencePoints>
              <BranchPoints />
              <MethodPoint vc="0" uspid="120" ordinal="0" offset="0" />
            </Method>
            <Method visited="false" cyclomaticComplexity="1" nPathComplexity="0" sequenceCoverage="0" branchCoverage="0" isConstructor="false" isStatic="false" isGetter="false" isSetter="false">
              <Summary numSequencePoints="0" visitedSequencePoints="0" numBranchPoints="0" visitedBranchPoints="0" sequenceCoverage="0" branchCoverage="0" maxCyclomaticComplexity="1" minCyclomaticComplexity="1" visitedClasses="0" numClasses="0" visitedMethods="0" numMethods="0" />
              <MetadataToken>100663392</MetadataToken>
              <Name>System.Void Keymaster.Repository.TokenRepository/&lt;GetApiTokenAsync&gt;d__3::SetStateMachine(System.Runtime.CompilerServices.IAsyncStateMachine)</Name>
              <SequencePoints />
              <BranchPoints />
              <MethodPoint vc="0" uspid="121" ordinal="0" offset="0" />
            </Method>
          </Methods>
        </Class>
        <Class>
          <Summary numSequencePoints="0" visitedSequencePoints="0" numBranchPoints="0" visitedBranchPoints="0" sequenceCoverage="0" branchCoverage="0" maxCyclomaticComplexity="1" minCyclomaticComplexity="1" visitedClasses="0" numClasses="0" visitedMethods="0" numMethods="0" />
          <FullName>Keymaster.Model.TokenQueryParameter</FullName>
          <Methods>
            <Method skippedDueTo="AutoImplementedProperty" visited="false" cyclomaticComplexity="1" nPathComplexity="0" sequenceCoverage="0" branchCoverage="0" isConstructor="false" isStatic="false" isGetter="true" isSetter="false">
              <MetadataToken>100663314</MetadataToken>
              <Name>System.Nullable`1&lt;Keymaster.Model.TokenType&gt; Keymaster.Model.TokenQueryParameter::get_Type()</Name>
              <FileRef uid="12" />
              <SequencePoints />
              <BranchPoints />
            </Method>
            <Method skippedDueTo="AutoImplementedProperty" visited="false" cyclomaticComplexity="1" nPathComplexity="0" sequenceCoverage="0" branchCoverage="0" isConstructor="false" isStatic="false" isGetter="false" isSetter="true">
              <MetadataToken>100663315</MetadataToken>
              <Name>System.Void Keymaster.Model.TokenQueryParameter::set_Type(System.Nullable`1&lt;Keymaster.Model.TokenType&gt;)</Name>
              <FileRef uid="12" />
              <SequencePoints />
              <BranchPoints />
            </Method>
            <Method skippedDueTo="AutoImplementedProperty" visited="false" cyclomaticComplexity="1" nPathComplexity="0" sequenceCoverage="0" branchCoverage="0" isConstructor="false" isStatic="false" isGetter="true" isSetter="false">
              <MetadataToken>100663316</MetadataToken>
              <Name>System.Nullable`1&lt;Keymaster.Model.Provider&gt; Keymaster.Model.TokenQueryParameter::get_Provider()</Name>
              <FileRef uid="12" />
              <SequencePoints />
              <BranchPoints />
            </Method>
            <Method skippedDueTo="AutoImplementedProperty" visited="false" cyclomaticComplexity="1" nPathComplexity="0" sequenceCoverage="0" branchCoverage="0" isConstructor="false" isStatic="false" isGetter="false" isSetter="true">
              <MetadataToken>100663317</MetadataToken>
              <Name>System.Void Keymaster.Model.TokenQueryParameter::set_Provider(System.Nullable`1&lt;Keymaster.Model.Provider&gt;)</Name>
              <FileRef uid="12" />
              <SequencePoints />
              <BranchPoints />
            </Method>
            <Method skippedDueTo="AutoImplementedProperty" visited="false" cyclomaticComplexity="1" nPathComplexity="0" sequenceCoverage="0" branchCoverage="0" isConstructor="false" isStatic="false" isGetter="true" isSetter="false">
              <MetadataToken>100663318</MetadataToken>
              <Name>System.String Keymaster.Model.TokenQueryParameter::get_CarrierScac()</Name>
              <FileRef uid="12" />
              <SequencePoints />
              <BranchPoints />
            </Method>
            <Method skippedDueTo="AutoImplementedProperty" visited="false" cyclomaticComplexity="1" nPathComplexity="0" sequenceCoverage="0" branchCoverage="0" isConstructor="false" isStatic="false" isGetter="false" isSetter="true">
              <MetadataToken>100663319</MetadataToken>
              <Name>System.Void Keymaster.Model.TokenQueryParameter::set_CarrierScac(System.String)</Name>
              <FileRef uid="12" />
              <SequencePoints />
              <BranchPoints />
            </Method>
            <Method visited="true" cyclomaticComplexity="1" nPathComplexity="0" sequenceCoverage="0" branchCoverage="0" isConstructor="true" isStatic="false" isGetter="false" isSetter="false">
              <Summary numSequencePoints="0" visitedSequencePoints="0" numBranchPoints="0" visitedBranchPoints="0" sequenceCoverage="0" branchCoverage="0" maxCyclomaticComplexity="1" minCyclomaticComplexity="1" visitedClasses="0" numClasses="0" visitedMethods="0" numMethods="0" />
              <MetadataToken>100663320</MetadataToken>
              <Name>System.Void Keymaster.Model.TokenQueryParameter::.ctor()</Name>
              <SequencePoints />
              <BranchPoints />
              <MethodPoint vc="4" uspid="122" ordinal="0" offset="0" />
            </Method>
          </Methods>
        </Class>
        <Class>
          <Summary numSequencePoints="0" visitedSequencePoints="0" numBranchPoints="0" visitedBranchPoints="0" sequenceCoverage="0" branchCoverage="0" maxCyclomaticComplexity="1" minCyclomaticComplexity="1" visitedClasses="0" numClasses="0" visitedMethods="0" numMethods="0" />
          <FullName>Keymaster.Model.Internal.Token</FullName>
          <Methods>
            <Method skippedDueTo="AutoImplementedProperty" visited="false" cyclomaticComplexity="1" nPathComplexity="0" sequenceCoverage="0" branchCoverage="0" isConstructor="false" isStatic="false" isGetter="true" isSetter="false">
              <MetadataToken>100663321</MetadataToken>
              <Name>System.Guid Keymaster.Model.Internal.Token::get_Id()</Name>
              <FileRef uid="13" />
              <SequencePoints />
              <BranchPoints />
            </Method>
            <Method skippedDueTo="AutoImplementedProperty" visited="false" cyclomaticComplexity="1" nPathComplexity="0" sequenceCoverage="0" branchCoverage="0" isConstructor="false" isStatic="false" isGetter="false" isSetter="true">
              <MetadataToken>100663322</MetadataToken>
              <Name>System.Void Keymaster.Model.Internal.Token::set_Id(System.Guid)</Name>
              <FileRef uid="13" />
              <SequencePoints />
              <BranchPoints />
            </Method>
            <Method skippedDueTo="AutoImplementedProperty" visited="false" cyclomaticComplexity="1" nPathComplexity="0" sequenceCoverage="0" branchCoverage="0" isConstructor="false" isStatic="false" isGetter="true" isSetter="false">
              <MetadataToken>100663323</MetadataToken>
              <Name>Keymaster.Model.TokenType Keymaster.Model.Internal.Token::get_Type()</Name>
              <FileRef uid="13" />
              <SequencePoints />
              <BranchPoints />
            </Method>
            <Method skippedDueTo="AutoImplementedProperty" visited="false" cyclomaticComplexity="1" nPathComplexity="0" sequenceCoverage="0" branchCoverage="0" isConstructor="false" isStatic="false" isGetter="false" isSetter="true">
              <MetadataToken>100663324</MetadataToken>
              <Name>System.Void Keymaster.Model.Internal.Token::set_Type(Keymaster.Model.TokenType)</Name>
              <FileRef uid="13" />
              <SequencePoints />
              <BranchPoints />
            </Method>
            <Method skippedDueTo="AutoImplementedProperty" visited="false" cyclomaticComplexity="1" nPathComplexity="0" sequenceCoverage="0" branchCoverage="0" isConstructor="false" isStatic="false" isGetter="true" isSetter="false">
              <MetadataToken>100663325</MetadataToken>
              <Name>Keymaster.Model.Provider Keymaster.Model.Internal.Token::get_Provider()</Name>
              <FileRef uid="13" />
              <SequencePoints />
              <BranchPoints />
            </Method>
            <Method skippedDueTo="AutoImplementedProperty" visited="false" cyclomaticComplexity="1" nPathComplexity="0" sequenceCoverage="0" branchCoverage="0" isConstructor="false" isStatic="false" isGetter="false" isSetter="true">
              <MetadataToken>100663326</MetadataToken>
              <Name>System.Void Keymaster.Model.Internal.Token::set_Provider(Keymaster.Model.Provider)</Name>
              <FileRef uid="13" />
              <SequencePoints />
              <BranchPoints />
            </Method>
            <Method skippedDueTo="AutoImplementedProperty" visited="false" cyclomaticComplexity="1" nPathComplexity="0" sequenceCoverage="0" branchCoverage="0" isConstructor="false" isStatic="false" isGetter="true" isSetter="false">
              <MetadataToken>100663327</MetadataToken>
              <Name>System.String Keymaster.Model.Internal.Token::get_CarrierScac()</Name>
              <FileRef uid="13" />
              <SequencePoints />
              <BranchPoints />
            </Method>
            <Method skippedDueTo="AutoImplementedProperty" visited="false" cyclomaticComplexity="1" nPathComplexity="0" sequenceCoverage="0" branchCoverage="0" isConstructor="false" isStatic="false" isGetter="false" isSetter="true">
              <MetadataToken>100663328</MetadataToken>
              <Name>System.Void Keymaster.Model.Internal.Token::set_CarrierScac(System.String)</Name>
              <FileRef uid="13" />
              <SequencePoints />
              <BranchPoints />
            </Method>
            <Method skippedDueTo="AutoImplementedProperty" visited="false" cyclomaticComplexity="1" nPathComplexity="0" sequenceCoverage="0" branchCoverage="0" isConstructor="false" isStatic="false" isGetter="true" isSetter="false">
              <MetadataToken>100663329</MetadataToken>
              <Name>System.String Keymaster.Model.Internal.Token::get_Key()</Name>
              <FileRef uid="13" />
              <SequencePoints />
              <BranchPoints />
            </Method>
            <Method skippedDueTo="AutoImplementedProperty" visited="false" cyclomaticComplexity="1" nPathComplexity="0" sequenceCoverage="0" branchCoverage="0" isConstructor="false" isStatic="false" isGetter="false" isSetter="true">
              <MetadataToken>100663330</MetadataToken>
              <Name>System.Void Keymaster.Model.Internal.Token::set_Key(System.String)</Name>
              <FileRef uid="13" />
              <SequencePoints />
              <BranchPoints />
            </Method>
            <Method visited="true" cyclomaticComplexity="1" nPathComplexity="0" sequenceCoverage="0" branchCoverage="0" isConstructor="true" isStatic="false" isGetter="false" isSetter="false">
              <Summary numSequencePoints="0" visitedSequencePoints="0" numBranchPoints="0" visitedBranchPoints="0" sequenceCoverage="0" branchCoverage="0" maxCyclomaticComplexity="1" minCyclomaticComplexity="1" visitedClasses="0" numClasses="0" visitedMethods="0" numMethods="0" />
              <MetadataToken>100663331</MetadataToken>
              <Name>System.Void Keymaster.Model.Internal.Token::.ctor()</Name>
              <SequencePoints />
              <BranchPoints />
              <MethodPoint vc="9" uspid="123" ordinal="0" offset="0" />
            </Method>
          </Methods>
        </Class>
        <Class>
          <Summary numSequencePoints="0" visitedSequencePoints="0" numBranchPoints="0" visitedBranchPoints="0" sequenceCoverage="0" branchCoverage="0" maxCyclomaticComplexity="1" minCyclomaticComplexity="1" visitedClasses="0" numClasses="0" visitedMethods="0" numMethods="0" />
          <FullName>Keymaster.Model.External.TokenCollection</FullName>
          <Methods>
            <Method skippedDueTo="AutoImplementedProperty" visited="false" cyclomaticComplexity="1" nPathComplexity="0" sequenceCoverage="0" branchCoverage="0" isConstructor="false" isStatic="false" isGetter="true" isSetter="false">
              <MetadataToken>100663332</MetadataToken>
              <Name>System.Collections.Generic.List`1&lt;Keymaster.Model.External.TokenItem&gt; Keymaster.Model.External.TokenCollection::get_Tokens()</Name>
              <FileRef uid="14" />
              <SequencePoints />
              <BranchPoints />
            </Method>
            <Method skippedDueTo="AutoImplementedProperty" visited="false" cyclomaticComplexity="1" nPathComplexity="0" sequenceCoverage="0" branchCoverage="0" isConstructor="false" isStatic="false" isGetter="false" isSetter="true">
              <MetadataToken>100663333</MetadataToken>
              <Name>System.Void Keymaster.Model.External.TokenCollection::set_Tokens(System.Collections.Generic.List`1&lt;Keymaster.Model.External.TokenItem&gt;)</Name>
              <FileRef uid="14" />
              <SequencePoints />
              <BranchPoints />
            </Method>
            <Method visited="true" cyclomaticComplexity="1" nPathComplexity="0" sequenceCoverage="0" branchCoverage="0" isConstructor="true" isStatic="false" isGetter="false" isSetter="false">
              <Summary numSequencePoints="0" visitedSequencePoints="0" numBranchPoints="0" visitedBranchPoints="0" sequenceCoverage="0" branchCoverage="0" maxCyclomaticComplexity="1" minCyclomaticComplexity="1" visitedClasses="0" numClasses="0" visitedMethods="0" numMethods="0" />
              <MetadataToken>100663334</MetadataToken>
              <Name>System.Void Keymaster.Model.External.TokenCollection::.ctor()</Name>
              <SequencePoints />
              <BranchPoints />
              <MethodPoint vc="6" uspid="124" ordinal="0" offset="0" />
            </Method>
          </Methods>
        </Class>
        <Class>
          <Summary numSequencePoints="0" visitedSequencePoints="0" numBranchPoints="0" visitedBranchPoints="0" sequenceCoverage="0" branchCoverage="0" maxCyclomaticComplexity="1" minCyclomaticComplexity="1" visitedClasses="0" numClasses="0" visitedMethods="0" numMethods="0" />
          <FullName>Keymaster.Model.External.TokenDetail</FullName>
          <Methods>
            <Method skippedDueTo="AutoImplementedProperty" visited="false" cyclomaticComplexity="1" nPathComplexity="0" sequenceCoverage="0" branchCoverage="0" isConstructor="false" isStatic="false" isGetter="true" isSetter="false">
              <MetadataToken>100663335</MetadataToken>
              <Name>System.Guid Keymaster.Model.External.TokenDetail::get_Id()</Name>
              <FileRef uid="15" />
              <SequencePoints />
              <BranchPoints />
            </Method>
            <Method skippedDueTo="AutoImplementedProperty" visited="false" cyclomaticComplexity="1" nPathComplexity="0" sequenceCoverage="0" branchCoverage="0" isConstructor="false" isStatic="false" isGetter="false" isSetter="true">
              <MetadataToken>100663336</MetadataToken>
              <Name>System.Void Keymaster.Model.External.TokenDetail::set_Id(System.Guid)</Name>
              <FileRef uid="15" />
              <SequencePoints />
              <BranchPoints />
            </Method>
            <Method skippedDueTo="AutoImplementedProperty" visited="false" cyclomaticComplexity="1" nPathComplexity="0" sequenceCoverage="0" branchCoverage="0" isConstructor="false" isStatic="false" isGetter="true" isSetter="false">
              <MetadataToken>100663337</MetadataToken>
              <Name>Keymaster.Model.TokenType Keymaster.Model.External.TokenDetail::get_Type()</Name>
              <FileRef uid="15" />
              <SequencePoints />
              <BranchPoints />
            </Method>
            <Method skippedDueTo="AutoImplementedProperty" visited="false" cyclomaticComplexity="1" nPathComplexity="0" sequenceCoverage="0" branchCoverage="0" isConstructor="false" isStatic="false" isGetter="false" isSetter="true">
              <MetadataToken>100663338</MetadataToken>
              <Name>System.Void Keymaster.Model.External.TokenDetail::set_Type(Keymaster.Model.TokenType)</Name>
              <FileRef uid="15" />
              <SequencePoints />
              <BranchPoints />
            </Method>
            <Method skippedDueTo="AutoImplementedProperty" visited="false" cyclomaticComplexity="1" nPathComplexity="0" sequenceCoverage="0" branchCoverage="0" isConstructor="false" isStatic="false" isGetter="true" isSetter="false">
              <MetadataToken>100663339</MetadataToken>
              <Name>Keymaster.Model.Provider Keymaster.Model.External.TokenDetail::get_Provider()</Name>
              <FileRef uid="15" />
              <SequencePoints />
              <BranchPoints />
            </Method>
            <Method skippedDueTo="AutoImplementedProperty" visited="false" cyclomaticComplexity="1" nPathComplexity="0" sequenceCoverage="0" branchCoverage="0" isConstructor="false" isStatic="false" isGetter="false" isSetter="true">
              <MetadataToken>100663340</MetadataToken>
              <Name>System.Void Keymaster.Model.External.TokenDetail::set_Provider(Keymaster.Model.Provider)</Name>
              <FileRef uid="15" />
              <SequencePoints />
              <BranchPoints />
            </Method>
            <Method skippedDueTo="AutoImplementedProperty" visited="false" cyclomaticComplexity="1" nPathComplexity="0" sequenceCoverage="0" branchCoverage="0" isConstructor="false" isStatic="false" isGetter="true" isSetter="false">
              <MetadataToken>100663341</MetadataToken>
              <Name>System.String Keymaster.Model.External.TokenDetail::get_CarrierScac()</Name>
              <FileRef uid="15" />
              <SequencePoints />
              <BranchPoints />
            </Method>
            <Method skippedDueTo="AutoImplementedProperty" visited="false" cyclomaticComplexity="1" nPathComplexity="0" sequenceCoverage="0" branchCoverage="0" isConstructor="false" isStatic="false" isGetter="false" isSetter="true">
              <MetadataToken>100663342</MetadataToken>
              <Name>System.Void Keymaster.Model.External.TokenDetail::set_CarrierScac(System.String)</Name>
              <FileRef uid="15" />
              <SequencePoints />
              <BranchPoints />
            </Method>
            <Method skippedDueTo="AutoImplementedProperty" visited="false" cyclomaticComplexity="1" nPathComplexity="0" sequenceCoverage="0" branchCoverage="0" isConstructor="false" isStatic="false" isGetter="true" isSetter="false">
              <MetadataToken>100663343</MetadataToken>
              <Name>System.String Keymaster.Model.External.TokenDetail::get_Key()</Name>
              <FileRef uid="15" />
              <SequencePoints />
              <BranchPoints />
            </Method>
            <Method skippedDueTo="AutoImplementedProperty" visited="false" cyclomaticComplexity="1" nPathComplexity="0" sequenceCoverage="0" branchCoverage="0" isConstructor="false" isStatic="false" isGetter="false" isSetter="true">
              <MetadataToken>100663344</MetadataToken>
              <Name>System.Void Keymaster.Model.External.TokenDetail::set_Key(System.String)</Name>
              <FileRef uid="15" />
              <SequencePoints />
              <BranchPoints />
            </Method>
            <Method visited="true" cyclomaticComplexity="1" nPathComplexity="0" sequenceCoverage="0" branchCoverage="0" isConstructor="true" isStatic="false" isGetter="false" isSetter="false">
              <Summary numSequencePoints="0" visitedSequencePoints="0" numBranchPoints="0" visitedBranchPoints="0" sequenceCoverage="0" branchCoverage="0" maxCyclomaticComplexity="1" minCyclomaticComplexity="1" visitedClasses="0" numClasses="0" visitedMethods="0" numMethods="0" />
              <MetadataToken>100663345</MetadataToken>
              <Name>System.Void Keymaster.Model.External.TokenDetail::.ctor()</Name>
              <SequencePoints />
              <BranchPoints />
              <MethodPoint vc="7" uspid="125" ordinal="0" offset="0" />
            </Method>
          </Methods>
        </Class>
        <Class>
          <Summary numSequencePoints="0" visitedSequencePoints="0" numBranchPoints="0" visitedBranchPoints="0" sequenceCoverage="0" branchCoverage="0" maxCyclomaticComplexity="1" minCyclomaticComplexity="1" visitedClasses="0" numClasses="0" visitedMethods="0" numMethods="0" />
          <FullName>Keymaster.Model.External.TokenItem</FullName>
          <Methods>
            <Method skippedDueTo="AutoImplementedProperty" visited="false" cyclomaticComplexity="1" nPathComplexity="0" sequenceCoverage="0" branchCoverage="0" isConstructor="false" isStatic="false" isGetter="true" isSetter="false">
              <MetadataToken>100663346</MetadataToken>
              <Name>System.Guid Keymaster.Model.External.TokenItem::get_Id()</Name>
              <FileRef uid="16" />
              <SequencePoints />
              <BranchPoints />
            </Method>
            <Method skippedDueTo="AutoImplementedProperty" visited="false" cyclomaticComplexity="1" nPathComplexity="0" sequenceCoverage="0" branchCoverage="0" isConstructor="false" isStatic="false" isGetter="false" isSetter="true">
              <MetadataToken>100663347</MetadataToken>
              <Name>System.Void Keymaster.Model.External.TokenItem::set_Id(System.Guid)</Name>
              <FileRef uid="16" />
              <SequencePoints />
              <BranchPoints />
            </Method>
            <Method skippedDueTo="AutoImplementedProperty" visited="false" cyclomaticComplexity="1" nPathComplexity="0" sequenceCoverage="0" branchCoverage="0" isConstructor="false" isStatic="false" isGetter="true" isSetter="false">
              <MetadataToken>100663348</MetadataToken>
              <Name>Keymaster.Model.TokenType Keymaster.Model.External.TokenItem::get_Type()</Name>
              <FileRef uid="16" />
              <SequencePoints />
              <BranchPoints />
            </Method>
            <Method skippedDueTo="AutoImplementedProperty" visited="false" cyclomaticComplexity="1" nPathComplexity="0" sequenceCoverage="0" branchCoverage="0" isConstructor="false" isStatic="false" isGetter="false" isSetter="true">
              <MetadataToken>100663349</MetadataToken>
              <Name>System.Void Keymaster.Model.External.TokenItem::set_Type(Keymaster.Model.TokenType)</Name>
              <FileRef uid="16" />
              <SequencePoints />
              <BranchPoints />
            </Method>
            <Method skippedDueTo="AutoImplementedProperty" visited="false" cyclomaticComplexity="1" nPathComplexity="0" sequenceCoverage="0" branchCoverage="0" isConstructor="false" isStatic="false" isGetter="true" isSetter="false">
              <MetadataToken>100663350</MetadataToken>
              <Name>Keymaster.Model.Provider Keymaster.Model.External.TokenItem::get_Provider()</Name>
              <FileRef uid="16" />
              <SequencePoints />
              <BranchPoints />
            </Method>
            <Method skippedDueTo="AutoImplementedProperty" visited="false" cyclomaticComplexity="1" nPathComplexity="0" sequenceCoverage="0" branchCoverage="0" isConstructor="false" isStatic="false" isGetter="false" isSetter="true">
              <MetadataToken>100663351</MetadataToken>
              <Name>System.Void Keymaster.Model.External.TokenItem::set_Provider(Keymaster.Model.Provider)</Name>
              <FileRef uid="16" />
              <SequencePoints />
              <BranchPoints />
            </Method>
            <Method skippedDueTo="AutoImplementedProperty" visited="false" cyclomaticComplexity="1" nPathComplexity="0" sequenceCoverage="0" branchCoverage="0" isConstructor="false" isStatic="false" isGetter="true" isSetter="false">
              <MetadataToken>100663352</MetadataToken>
              <Name>System.String Keymaster.Model.External.TokenItem::get_CarrierScac()</Name>
              <FileRef uid="16" />
              <SequencePoints />
              <BranchPoints />
            </Method>
            <Method skippedDueTo="AutoImplementedProperty" visited="false" cyclomaticComplexity="1" nPathComplexity="0" sequenceCoverage="0" branchCoverage="0" isConstructor="false" isStatic="false" isGetter="false" isSetter="true">
              <MetadataToken>100663353</MetadataToken>
              <Name>System.Void Keymaster.Model.External.TokenItem::set_CarrierScac(System.String)</Name>
              <FileRef uid="16" />
              <SequencePoints />
              <BranchPoints />
            </Method>
            <Method skippedDueTo="AutoImplementedProperty" visited="false" cyclomaticComplexity="1" nPathComplexity="0" sequenceCoverage="0" branchCoverage="0" isConstructor="false" isStatic="false" isGetter="true" isSetter="false">
              <MetadataToken>100663354</MetadataToken>
              <Name>System.String Keymaster.Model.External.TokenItem::get_Key()</Name>
              <FileRef uid="16" />
              <SequencePoints />
              <BranchPoints />
            </Method>
            <Method skippedDueTo="AutoImplementedProperty" visited="false" cyclomaticComplexity="1" nPathComplexity="0" sequenceCoverage="0" branchCoverage="0" isConstructor="false" isStatic="false" isGetter="false" isSetter="true">
              <MetadataToken>100663355</MetadataToken>
              <Name>System.Void Keymaster.Model.External.TokenItem::set_Key(System.String)</Name>
              <FileRef uid="16" />
              <SequencePoints />
              <BranchPoints />
            </Method>
            <Method visited="true" cyclomaticComplexity="1" nPathComplexity="0" sequenceCoverage="0" branchCoverage="0" isConstructor="true" isStatic="false" isGetter="false" isSetter="false">
              <Summary numSequencePoints="0" visitedSequencePoints="0" numBranchPoints="0" visitedBranchPoints="0" sequenceCoverage="0" branchCoverage="0" maxCyclomaticComplexity="1" minCyclomaticComplexity="1" visitedClasses="0" numClasses="0" visitedMethods="0" numMethods="0" />
              <MetadataToken>100663356</MetadataToken>
              <Name>System.Void Keymaster.Model.External.TokenItem::.ctor()</Name>
              <SequencePoints />
              <BranchPoints />
              <MethodPoint vc="3" uspid="126" ordinal="0" offset="0" />
            </Method>
          </Methods>
        </Class>
        <Class>
          <Summary numSequencePoints="4" visitedSequencePoints="0" numBranchPoints="1" visitedBranchPoints="0" sequenceCoverage="0" branchCoverage="0" maxCyclomaticComplexity="1" minCyclomaticComplexity="1" visitedClasses="0" numClasses="1" visitedMethods="0" numMethods="1" />
          <FullName>Keymaster.Middleware.TmsAuthenticationMiddleware</FullName>
          <Methods>
            <Method visited="false" cyclomaticComplexity="1" nPathComplexity="0" sequenceCoverage="0" branchCoverage="0" isConstructor="true" isStatic="false" isGetter="false" isSetter="false">
              <Summary numSequencePoints="4" visitedSequencePoints="0" numBranchPoints="1" visitedBranchPoints="0" sequenceCoverage="0" branchCoverage="0" maxCyclomaticComplexity="1" minCyclomaticComplexity="1" visitedClasses="0" numClasses="0" visitedMethods="0" numMethods="1" />
              <MetadataToken>100663357</MetadataToken>
              <Name>System.Void Keymaster.Middleware.TmsAuthenticationMiddleware::.ctor(Microsoft.AspNetCore.Http.RequestDelegate)</Name>
              <FileRef uid="17" />
              <SequencePoints>
                <SequencePoint vc="0" uspid="127" ordinal="0" offset="0" sl="18" sc="9" el="18" ec="80" bec="0" bev="0" fileid="17" />
                <SequencePoint vc="0" uspid="128" ordinal="1" offset="7" sl="19" sc="9" el="19" ec="10" bec="0" bev="0" fileid="17" />
                <SequencePoint vc="0" uspid="129" ordinal="2" offset="8" sl="20" sc="13" el="20" ec="60" bec="0" bev="0" fileid="17" />
                <SequencePoint vc="0" uspid="130" ordinal="3" offset="15" sl="21" sc="9" el="21" ec="10" bec="0" bev="0" fileid="17" />
              </SequencePoints>
              <BranchPoints />
              <MethodPoint xsi:type="SequencePoint" vc="0" uspid="127" ordinal="0" offset="0" sl="18" sc="9" el="18" ec="80" bec="0" bev="0" fileid="17" />
            </Method>
            <Method visited="false" cyclomaticComplexity="1" nPathComplexity="0" sequenceCoverage="0" branchCoverage="0" isConstructor="false" isStatic="false" isGetter="false" isSetter="false">
              <Summary numSequencePoints="0" visitedSequencePoints="0" numBranchPoints="0" visitedBranchPoints="0" sequenceCoverage="0" branchCoverage="0" maxCyclomaticComplexity="1" minCyclomaticComplexity="1" visitedClasses="0" numClasses="0" visitedMethods="0" numMethods="0" />
              <MetadataToken>100663358</MetadataToken>
              <Name>System.Threading.Tasks.Task Keymaster.Middleware.TmsAuthenticationMiddleware::Invoke(Microsoft.AspNetCore.Http.HttpContext)</Name>
              <SequencePoints />
              <BranchPoints />
              <MethodPoint vc="0" uspid="131" ordinal="0" offset="0" />
            </Method>
          </Methods>
        </Class>
        <Class>
          <Summary numSequencePoints="19" visitedSequencePoints="0" numBranchPoints="7" visitedBranchPoints="0" sequenceCoverage="0" branchCoverage="0" maxCyclomaticComplexity="8" minCyclomaticComplexity="1" visitedClasses="0" numClasses="1" visitedMethods="0" numMethods="1" />
          <FullName>Keymaster.Middleware.TmsAuthenticationMiddleware/&lt;Invoke&gt;d__2</FullName>
          <Methods>
            <Method visited="false" cyclomaticComplexity="1" nPathComplexity="0" sequenceCoverage="0" branchCoverage="0" isConstructor="true" isStatic="false" isGetter="false" isSetter="false">
              <Summary numSequencePoints="0" visitedSequencePoints="0" numBranchPoints="0" visitedBranchPoints="0" sequenceCoverage="0" branchCoverage="0" maxCyclomaticComplexity="1" minCyclomaticComplexity="1" visitedClasses="0" numClasses="0" visitedMethods="0" numMethods="0" />
              <MetadataToken>100663393</MetadataToken>
              <Name>System.Void Keymaster.Middleware.TmsAuthenticationMiddleware/&lt;Invoke&gt;d__2::.ctor()</Name>
              <SequencePoints />
              <BranchPoints />
              <MethodPoint vc="0" uspid="132" ordinal="0" offset="0" />
[...]
            </Method>
            <Method visited="false" cyclomaticComplexity="1" nPathComplexity="0" sequenceCoverage="0" branchCoverage="0" isConstructor="false" isStatic="false" isGetter="false" isSetter="false">
              <Summary numSequencePoints="0" visitedSequencePoints="0" numBranchPoints="0" visitedBranchPoints="0" sequenceCoverage="0" branchCoverage="0" maxCyclomaticComplexity="1" minCyclomaticComplexity="1" visitedClasses="0" numClasses="0" visitedMethods="0" numMethods="0" />
              <MetadataToken>100663398</MetadataToken>
              <Name>System.Void Keymaster.Controllers.KeymasterController/&lt;GetTokens&gt;d__2::SetStateMachine(System.Runtime.CompilerServices.IAsyncStateMachine)</Name>
              <SequencePoints />
              <BranchPoints />
              <MethodPoint vc="0" uspid="198" ordinal="0" offset="0" />
            </Method>
          </Methods>
        </Class>
        <Class>
          <Summary numSequencePoints="14" visitedSequencePoints="14" numBranchPoints="5" visitedBranchPoints="4" sequenceCoverage="100" branchCoverage="80" maxCyclomaticComplexity="5" minCyclomaticComplexity="1" visitedClasses="1" numClasses="1" visitedMethods="1" numMethods="1" />
          <FullName>Keymaster.Controllers.KeymasterController/&lt;GetTokenById&gt;d__3</FullName>
          <Methods>
            <Method visited="true" cyclomaticComplexity="1" nPathComplexity="0" sequenceCoverage="0" branchCoverage="0" isConstructor="true" isStatic="false" isGetter="false" isSetter="false">
              <Summary numSequencePoints="0" visitedSequencePoints="0" numBranchPoints="0" visitedBranchPoints="0" sequenceCoverage="0" branchCoverage="0" maxCyclomaticComplexity="1" minCyclomaticComplexity="1" visitedClasses="0" numClasses="0" visitedMethods="0" numMethods="0" />
              <MetadataToken>100663399</MetadataToken>
              <Name>System.Void Keymaster.Controllers.KeymasterController/&lt;GetTokenById&gt;d__3::.ctor()</Name>
              <SequencePoints />
              <BranchPoints />
              <MethodPoint vc="2" uspid="199" ordinal="0" offset="0" />
            </Method>
            <Method visited="true" cyclomaticComplexity="5" nPathComplexity="4" sequenceCoverage="100" branchCoverage="80" isConstructor="false" isStatic="false" isGetter="false" isSetter="false">
              <Summary numSequencePoints="14" visitedSequencePoints="14" numBranchPoints="5" visitedBranchPoints="4" sequenceCoverage="100" branchCoverage="80" maxCyclomaticComplexity="5" minCyclomaticComplexity="5" visitedClasses="0" numClasses="0" visitedMethods="1" numMethods="1" />
              <MetadataToken>100663400</MetadataToken>
              <Name>System.Void Keymaster.Controllers.KeymasterController/&lt;GetTokenById&gt;d__3::MoveNext()</Name>
              <FileRef uid="20" />
              <SequencePoints>
                <SequencePoint vc="2" uspid="200" ordinal="0" offset="14" sl="91" sc="9" el="91" ec="10" bec="0" bev="0" fileid="20" />
                <SequencePoint vc="2" uspid="201" ordinal="1" offset="15" sl="92" sc="13" el="92" ec="44" bec="2" bev="1" fileid="20" />
                <SequencePoint vc="2" uspid="202" ordinal="2" offset="30" sl="95" sc="13" el="95" ec="14" bec="0" bev="0" fileid="20" />
                <SequencePoint vc="2" uspid="203" ordinal="3" offset="31" sl="96" sc="17" el="96" ec="81" bec="0" bev="0" fileid="20" />
                <SequencePoint vc="2" uspid="204" ordinal="4" offset="178" sl="98" sc="17" el="98" ec="41" bec="2" bev="2" fileid="20" />
                <SequencePoint vc="1" uspid="205" ordinal="5" offset="193" sl="99" sc="17" el="99" ec="18" bec="0" bev="0" fileid="20" />
                <SequencePoint vc="1" uspid="206" ordinal="6" offset="194" sl="100" sc="21" el="100" ec="111" bec="0" bev="0" fileid="20" />
                <SequencePoint vc="1" uspid="207" ordinal="7" offset="210" sl="103" sc="17" el="103" ec="45" bec="0" bev="0" fileid="20" />
                <SequencePoint vc="1" uspid="208" ordinal="8" offset="233" sl="105" sc="13" el="105" ec="36" bec="0" bev="0" fileid="20" />
                <SequencePoint vc="1" uspid="209" ordinal="9" offset="243" sl="106" sc="13" el="106" ec="14" bec="0" bev="0" fileid="20" />
                <SequencePoint vc="1" uspid="210" ordinal="10" offset="244" sl="107" sc="17" el="107" ec="104" bec="0" bev="0" fileid="20" />
                <SequencePoint vc="1" uspid="211" ordinal="11" offset="287" sl="108" sc="17" el="108" ec="96" bec="0" bev="0" fileid="20" />
                <SequencePoint vc="1" uspid="212" ordinal="12" offset="330" sl="110" sc="17" el="112" ec="143" bec="0" bev="0" fileid="20" />
                <SequencePoint vc="2" uspid="213" ordinal="13" offset="434" sl="114" sc="9" el="114" ec="10" bec="0" bev="0" fileid="20" />
              </SequencePoints>
              <BranchPoints>
                <BranchPoint vc="2" uspid="214" ordinal="0" offset="24" sl="92" path="0" offsetchain="26" offsetend="30" fileid="20" />
                <BranchPoint vc="0" uspid="215" ordinal="1" offset="24" sl="92" path="1" offsetchain="28" offsetend="108" fileid="20" />
                <BranchPoint vc="1" uspid="218" ordinal="4" offset="191" sl="98" path="0" offsetend="193" fileid="20" />
                <BranchPoint vc="1" uspid="219" ordinal="5" offset="191" sl="98" path="1" offsetend="210" fileid="20" />
              </BranchPoints>
              <MethodPoint vc="2" uspid="220" ordinal="0" offset="0" />
            </Method>
            <Method visited="false" cyclomaticComplexity="1" nPathComplexity="0" sequenceCoverage="0" branchCoverage="0" isConstructor="false" isStatic="false" isGetter="false" isSetter="false">
              <Summary numSequencePoints="0" visitedSequencePoints="0" numBranchPoints="0" visitedBranchPoints="0" sequenceCoverage="0" branchCoverage="0" maxCyclomaticComplexity="1" minCyclomaticComplexity="1" visitedClasses="0" numClasses="0" visitedMethods="0" numMethods="0" />
              <MetadataToken>100663401</MetadataToken>
              <Name>System.Void Keymaster.Controllers.KeymasterController/&lt;GetTokenById&gt;d__3::SetStateMachine(System.Runtime.CompilerServices.IAsyncStateMachine)</Name>
              <SequencePoints />
              <BranchPoints />
              <MethodPoint vc="0" uspid="221" ordinal="0" offset="0" />
            </Method>
          </Methods>
        </Class>
        <Class>
          <Summary numSequencePoints="0" visitedSequencePoints="0" numBranchPoints="0" visitedBranchPoints="0" sequenceCoverage="0" branchCoverage="0" maxCyclomaticComplexity="1" minCyclomaticComplexity="1" visitedClasses="0" numClasses="0" visitedMethods="0" numMethods="0" />
          <FullName>Keymaster.Configuration.Tokens</FullName>
          <Methods>
            <Method skippedDueTo="AutoImplementedProperty" visited="false" cyclomaticComplexity="1" nPathComplexity="0" sequenceCoverage="0" branchCoverage="0" isConstructor="false" isStatic="false" isGetter="true" isSetter="false">
              <MetadataToken>100663365</MetadataToken>
              <Name>System.Collections.Generic.List`1&lt;Keymaster.Model.Internal.Token&gt; Keymaster.Configuration.Tokens::get_Token()</Name>
              <FileRef uid="23" />
              <SequencePoints />
              <BranchPoints />
            </Method>
            <Method skippedDueTo="AutoImplementedProperty" visited="false" cyclomaticComplexity="1" nPathComplexity="0" sequenceCoverage="0" branchCoverage="0" isConstructor="false" isStatic="false" isGetter="false" isSetter="true">
              <MetadataToken>100663366</MetadataToken>
              <Name>System.Void Keymaster.Configuration.Tokens::set_Token(System.Collections.Generic.List`1&lt;Keymaster.Model.Internal.Token&gt;)</Name>
              <FileRef uid="23" />
              <SequencePoints />
              <BranchPoints />
            </Method>
            <Method visited="false" cyclomaticComplexity="1" nPathComplexity="0" sequenceCoverage="0" branchCoverage="0" isConstructor="true" isStatic="false" isGetter="false" isSetter="false">
              <Summary numSequencePoints="0" visitedSequencePoints="0" numBranchPoints="0" visitedBranchPoints="0" sequenceCoverage="0" branchCoverage="0" maxCyclomaticComplexity="1" minCyclomaticComplexity="1" visitedClasses="0" numClasses="0" visitedMethods="0" numMethods="0" />
              <MetadataToken>100663367</MetadataToken>
              <Name>System.Void Keymaster.Configuration.Tokens::.ctor()</Name>
              <SequencePoints />
              <BranchPoints />
              <MethodPoint vc="0" uspid="222" ordinal="0" offset="0" />
            </Method>
          </Methods>
        </Class>
        <Class>
          <Summary numSequencePoints="6" visitedSequencePoints="6" numBranchPoints="1" visitedBranchPoints="1" sequenceCoverage="100" branchCoverage="100" maxCyclomaticComplexity="1" minCyclomaticComplexity="1" visitedClasses="1" numClasses="1" visitedMethods="1" numMethods="1" />
          <FullName>Keymaster.Accessor.KeymasterAccessor</FullName>
          <Methods>
            <Method visited="true" cyclomaticComplexity="1" nPathComplexity="0" sequenceCoverage="100" branchCoverage="100" isConstructor="true" isStatic="false" isGetter="false" isSetter="false">
              <Summary numSequencePoints="6" visitedSequencePoints="6" numBranchPoints="1" visitedBranchPoints="1" sequenceCoverage="100" branchCoverage="100" maxCyclomaticComplexity="1" minCyclomaticComplexity="1" visitedClasses="0" numClasses="0" visitedMethods="1" numMethods="1" />
              <MetadataToken>100663370</MetadataToken>
              <Name>System.Void Keymaster.Accessor.KeymasterAccessor::.ctor(Keymaster.Transformer.ITransformer`2&lt;Keymaster.Model.Internal.Token,Keymaster.Model.External.TokenDetail&gt;,Keymaster.Transformer.ITransformer`2&lt;System.Collections.Generic.List`1&lt;Keymaster.Model.Internal.Token&gt;,Keymaster.Model.External.TokenCollection&gt;,Keymaster.Repository.ITokenRepository)</Name>
              <FileRef uid="24" />
              <SequencePoints>
                <SequencePoint vc="4" uspid="223" ordinal="0" offset="0" sl="27" sc="9" el="30" ec="46" bec="0" bev="0" fileid="24" />
                <SequencePoint vc="4" uspid="224" ordinal="1" offset="7" sl="31" sc="9" el="31" ec="10" bec="0" bev="0" fileid="24" />
                <SequencePoint vc="4" uspid="225" ordinal="2" offset="8" sl="32" sc="13" el="32" ec="70" bec="0" bev="0" fileid="24" />
                <SequencePoint vc="4" uspid="226" ordinal="3" offset="15" sl="33" sc="13" el="33" ec="56" bec="0" bev="0" fileid="24" />
                <SequencePoint vc="4" uspid="227" ordinal="4" offset="22" sl="34" sc="13" el="34" ec="52" bec="0" bev="0" fileid="24" />
                <SequencePoint vc="4" uspid="228" ordinal="5" offset="29" sl="35" sc="9" el="35" ec="10" bec="0" bev="0" fileid="24" />
              </SequencePoints>
              <BranchPoints />
              <MethodPoint xsi:type="SequencePoint" vc="4" uspid="223" ordinal="0" offset="0" sl="27" sc="9" el="30" ec="46" bec="0" bev="0" fileid="24" />
            </Method>
            <Method visited="true" cyclomaticComplexity="1" nPathComplexity="0" sequenceCoverage="0" branchCoverage="0" isConstructor="false" isStatic="false" isGetter="false" isSetter="false">
              <Summary numSequencePoints="0" visitedSequencePoints="0" numBranchPoints="0" visitedBranchPoints="0" sequenceCoverage="0" branchCoverage="0" maxCyclomaticComplexity="1" minCyclomaticComplexity="1" visitedClasses="0" numClasses="0" visitedMethods="0" numMethods="0" />
              <MetadataToken>100663371</MetadataToken>
              <Name>System.Threading.Tasks.Task`1&lt;Keymaster.Model.External.TokenCollection&gt; Keymaster.Accessor.KeymasterAccessor::GetApiTokensAsync(Keymaster.Model.TokenQueryParameter)</Name>
              <SequencePoints />
              <BranchPoints />
              <MethodPoint vc="1" uspid="229" ordinal="0" offset="0" />
            </Method>
            <Method visited="true" cyclomaticComplexity="1" nPathComplexity="0" sequenceCoverage="0" branchCoverage="0" isConstructor="false" isStatic="false" isGetter="false" isSetter="false">
              <Summary numSequencePoints="0" visitedSequencePoints="0" numBranchPoints="0" visitedBranchPoints="0" sequenceCoverage="0" branchCoverage="0" maxCyclomaticComplexity="1" minCyclomaticComplexity="1" visitedClasses="0" numClasses="0" visitedMethods="0" numMethods="0" />
              <MetadataToken>100663372</MetadataToken>
              <Name>System.Threading.Tasks.Task`1&lt;Keymaster.Model.External.TokenDetail&gt; Keymaster.Accessor.KeymasterAccessor::GetApiTokenAsync(System.Guid)</Name>
              <SequencePoints />
              <BranchPoints />
              <MethodPoint vc="3" uspid="230" ordinal="0" offset="0" />
            </Method>
          </Methods>
        </Class>
        <Class>
          <Summary numSequencePoints="3" visitedSequencePoints="3" numBranchPoints="1" visitedBranchPoints="1" sequenceCoverage="100" branchCoverage="100" maxCyclomaticComplexity="3" minCyclomaticComplexity="1" visitedClasses="1" numClasses="1" visitedMethods="1" numMethods="1" />
          <FullName>Keymaster.Accessor.KeymasterAccessor/&lt;GetApiTokensAsync&gt;d__4</FullName>
          <Methods>
            <Method visited="true" cyclomaticComplexity="1" nPathComplexity="0" sequenceCoverage="0" branchCoverage="0" isConstructor="true" isStatic="false" isGetter="false" isSetter="false">
              <Summary numSequencePoints="0" visitedSequencePoints="0" numBranchPoints="0" visitedBranchPoints="0" sequenceCoverage="0" branchCoverage="0" maxCyclomaticComplexity="1" minCyclomaticComplexity="1" visitedClasses="0" numClasses="0" visitedMethods="0" numMethods="0" />
              <MetadataToken>100663402</MetadataToken>
              <Name>System.Void Keymaster.Accessor.KeymasterAccessor/&lt;GetApiTokensAsync&gt;d__4::.ctor()</Name>
              <SequencePoints />
              <BranchPoints />
              <MethodPoint vc="1" uspid="231" ordinal="0" offset="0" />
            </Method>
            <Method visited="true" cyclomaticComplexity="3" nPathComplexity="0" sequenceCoverage="100" branchCoverage="100" isConstructor="false" isStatic="false" isGetter="false" isSetter="false">
              <Summary numSequencePoints="3" visitedSequencePoints="3" numBranchPoints="1" visitedBranchPoints="1" sequenceCoverage="100" branchCoverage="100" maxCyclomaticComplexity="3" minCyclomaticComplexity="3" visitedClasses="0" numClasses="0" visitedMethods="1" numMethods="1" />
              <MetadataToken>100663403</MetadataToken>
              <Name>System.Void Keymaster.Accessor.KeymasterAccessor/&lt;GetApiTokensAsync&gt;d__4::MoveNext()</Name>
              <FileRef uid="24" />
              <SequencePoints>
                <SequencePoint vc="1" uspid="232" ordinal="0" offset="14" sl="38" sc="9" el="38" ec="10" bec="0" bev="0" fileid="24" />
                <SequencePoint vc="1" uspid="233" ordinal="1" offset="15" sl="39" sc="13" el="39" ec="106" bec="0" bev="0" fileid="24" />
                <SequencePoint vc="1" uspid="234" ordinal="2" offset="191" sl="40" sc="9" el="40" ec="10" bec="0" bev="0" fileid="24" />
              </SequencePoints>
              <BranchPoints />
              <MethodPoint vc="1" uspid="237" ordinal="0" offset="0" />
            </Method>
            <Method visited="false" cyclomaticComplexity="1" nPathComplexity="0" sequenceCoverage="0" branchCoverage="0" isConstructor="false" isStatic="false" isGetter="false" isSetter="false">
              <Summary numSequencePoints="0" visitedSequencePoints="0" numBranchPoints="0" visitedBranchPoints="0" sequenceCoverage="0" branchCoverage="0" maxCyclomaticComplexity="1" minCyclomaticComplexity="1" visitedClasses="0" numClasses="0" visitedMethods="0" numMethods="0" />
              <MetadataToken>100663404</MetadataToken>
              <Name>System.Void Keymaster.Accessor.KeymasterAccessor/&lt;GetApiTokensAsync&gt;d__4::SetStateMachine(System.Runtime.CompilerServices.IAsyncStateMachine)</Name>
              <SequencePoints />
              <BranchPoints />
              <MethodPoint vc="0" uspid="238" ordinal="0" offset="0" />
            </Method>
          </Methods>
        </Class>
        <Class>
          <Summary numSequencePoints="4" visitedSequencePoints="4" numBranchPoints="1" visitedBranchPoints="1" sequenceCoverage="100" branchCoverage="100" maxCyclomaticComplexity="3" minCyclomaticComplexity="1" visitedClasses="1" numClasses="1" visitedMethods="1" numMethods="1" />
          <FullName>Keymaster.Accessor.KeymasterAccessor/&lt;GetApiTokenAsync&gt;d__5</FullName>
          <Methods>
            <Method visited="true" cyclomaticComplexity="1" nPathComplexity="0" sequenceCoverage="0" branchCoverage="0" isConstructor="true" isStatic="false" isGetter="false" isSetter="false">
              <Summary numSequencePoints="0" visitedSequencePoints="0" numBranchPoints="0" visitedBranchPoints="0" sequenceCoverage="0" branchCoverage="0" maxCyclomaticComplexity="1" minCyclomaticComplexity="1" visitedClasses="0" numClasses="0" visitedMethods="0" numMethods="0" />
              <MetadataToken>100663405</MetadataToken>
              <Name>System.Void Keymaster.Accessor.KeymasterAccessor/&lt;GetApiTokenAsync&gt;d__5::.ctor()</Name>
              <SequencePoints />
              <BranchPoints />
              <MethodPoint vc="3" uspid="239" ordinal="0" offset="0" />
            </Method>
            <Method visited="true" cyclomaticComplexity="3" nPathComplexity="0" sequenceCoverage="100" branchCoverage="100" isConstructor="false" isStatic="false" isGetter="false" isSetter="false">
              <Summary numSequencePoints="4" visitedSequencePoints="4" numBranchPoints="1" visitedBranchPoints="1" sequenceCoverage="100" branchCoverage="100" maxCyclomaticComplexity="3" minCyclomaticComplexity="3" visitedClasses="0" numClasses="0" visitedMethods="1" numMethods="1" />
              <MetadataToken>100663406</MetadataToken>
              <Name>System.Void Keymaster.Accessor.KeymasterAccessor/&lt;GetApiTokenAsync&gt;d__5::MoveNext()</Name>
              <FileRef uid="24" />
              <SequencePoints>
                <SequencePoint vc="3" uspid="240" ordinal="0" offset="14" sl="43" sc="9" el="43" ec="10" bec="0" bev="0" fileid="24" />
                <SequencePoint vc="3" uspid="241" ordinal="1" offset="15" sl="44" sc="13" el="44" ec="73" bec="0" bev="0" fileid="24" />
                <SequencePoint vc="3" uspid="242" ordinal="2" offset="162" sl="46" sc="13" el="46" ec="75" bec="0" bev="0" fileid="24" />
                <SequencePoint vc="3" uspid="243" ordinal="3" offset="213" sl="47" sc="9" el="47" ec="10" bec="0" bev="0" fileid="24" />
              </SequencePoints>
              <BranchPoints />
              <MethodPoint vc="3" uspid="246" ordinal="0" offset="0" />
            </Method>
            <Method visited="false" cyclomaticComplexity="1" nPathComplexity="0" sequenceCoverage="0" branchCoverage="0" isConstructor="false" isStatic="false" isGetter="false" isSetter="false">
              <Summary numSequencePoints="0" visitedSequencePoints="0" numBranchPoints="0" visitedBranchPoints="0" sequenceCoverage="0" branchCoverage="0" maxCyclomaticComplexity="1" minCyclomaticComplexity="1" visitedClasses="0" numClasses="0" visitedMethods="0" numMethods="0" />
              <MetadataToken>100663407</MetadataToken>
              <Name>System.Void Keymaster.Accessor.KeymasterAccessor/&lt;GetApiTokenAsync&gt;d__5::SetStateMachine(System.Runtime.CompilerServices.IAsyncStateMachine)</Name>
              <SequencePoints />
              <BranchPoints />
              <MethodPoint vc="0" uspid="247" ordinal="0" offset="0" />
            </Method>
          </Methods>
        </Class>
      </Classes>
    </Module>
  </Modules>
</CoverageSession>